#
# There is insufficient memory for the Java Runtime Environment to continue.
# Native memory allocation (mmap) failed to map 27262976 bytes for Failed to commit area from 0x0000000089400000 to 0x000000008ae00000 of length 27262976.
# Possible reasons:
#   The system is out of physical RAM or swap space
#   The process is running with CompressedOops enabled, and the Java Heap may be blocking the growth of the native heap
# Possible solutions:
#   Reduce memory load on the system
#   Increase physical memory or swap space
#   Check if swap backing store is full
#   Decrease Java heap size (-Xmx/-Xms)
#   Decrease number of Java threads
#   Decrease Java thread stack sizes (-Xss)
#   Set larger code cache with -XX:ReservedCodeCacheSize=
#   JVM is running with Unscaled Compressed Oops mode in which the Java heap is
#     placed in the first 4GB address space. The Java Heap base address is the
#     maximum limit for the native heap growth. Please use -XX:HeapBaseMinAddress
#     to set the Java Heap base and to place the Java Heap above 4GB virtual address.
# This output file may be truncated or incomplete.
#
#  Out of Memory Error (./src/hotspot/os/windows/os_windows.cpp:3387), pid=9108, tid=12236
#
# JRE version: OpenJDK Runtime Environment Corretto-11.0.14.10.1 (11.0.14.1+10) (build 11.0.14.1+10-LTS)
# Java VM: OpenJDK 64-Bit Server VM Corretto-11.0.14.10.1 (11.0.14.1+10-LTS, mixed mode, tiered, compressed oops, g1 gc, windows-amd64)
# No core dump will be written. Minidumps are not enabled by default on client versions of Windows
#

---------------  S U M M A R Y ------------

Command Line: -Xverify:none -XX:TieredStopAtLevel=1 co.com.donraul.app.AppApplication

Host: Intel(R) Core(TM) i7-4702MQ CPU @ 2.20GHz, 8 cores, 7G,  Windows 10 , 64 bit Build 18362 (10.0.18362.1500)
Time: Thu Mar 31 18:17:41 2022 Hora est. Pacífico, Sudamérica elapsed time: 10.220751 seconds (0d 0h 0m 10s)

---------------  T H R E A D  ---------------

Current thread (0x0000023963524800):  VMThread "VM Thread" [stack: 0x000000f7e7f00000,0x000000f7e8000000] [id=12236]

Stack: [0x000000f7e7f00000,0x000000f7e8000000]
[error occurred during error reporting (printing stack bounds), id 0xc0000005, EXCEPTION_ACCESS_VIOLATION (0xc0000005) at pc=0x000002394cc4112d]

Native frames: (J=compiled Java code, j=interpreted, Vv=VM code, C=native code)
V  [jvm.dll+0x61e62a]
V  [jvm.dll+0x7ab569]
V  [jvm.dll+0x7acc58]
V  [jvm.dll+0x7ad295]
V  [jvm.dll+0x7ad24b]
V  [jvm.dll+0x61d9b7]
V  [jvm.dll+0x61e0c8]
C  [ntdll.dll+0xa1fff]
C  [ntdll.dll+0x6aad9]
C  [ntdll.dll+0xa0c6e]
C  0x000002394cc4112d

VM_Operation (0x000000f7e79fde20): G1CollectForAllocation, mode: safepoint, requested by thread 0x0000023944519800


---------------  P R O C E S S  ---------------

Threads class SMR info:
_java_thread_list=0x0000023965da9ba0, length=12, elements={
0x0000023944519800, 0x0000023963549800, 0x0000023963552800, 0x0000023963ecc000,
0x0000023963ece000, 0x0000023963ecf000, 0x0000023963ed2800, 0x0000023963ede800,
0x0000023964006800, 0x000002396451a800, 0x0000023965d14000, 0x0000023965d0d800
}

Java Threads: ( => current thread )
  0x0000023944519800 JavaThread "main" [_thread_blocked, id=1692, stack(0x000000f7e7900000,0x000000f7e7a00000)]
  0x0000023963549800 JavaThread "Reference Handler" daemon [_thread_blocked, id=11484, stack(0x000000f7e8000000,0x000000f7e8100000)]
  0x0000023963552800 JavaThread "Finalizer" daemon [_thread_blocked, id=13404, stack(0x000000f7e8100000,0x000000f7e8200000)]
  0x0000023963ecc000 JavaThread "Signal Dispatcher" daemon [_thread_blocked, id=4352, stack(0x000000f7e8200000,0x000000f7e8300000)]
  0x0000023963ece000 JavaThread "Attach Listener" daemon [_thread_blocked, id=3120, stack(0x000000f7e8300000,0x000000f7e8400000)]
  0x0000023963ecf000 JavaThread "Service Thread" daemon [_thread_blocked, id=5200, stack(0x000000f7e8400000,0x000000f7e8500000)]
  0x0000023963ed2800 JavaThread "C1 CompilerThread0" daemon [_thread_blocked, id=1680, stack(0x000000f7e8500000,0x000000f7e8600000)]
  0x0000023963ede800 JavaThread "Sweeper thread" daemon [_thread_blocked, id=10080, stack(0x000000f7e8600000,0x000000f7e8700000)]
  0x0000023964006800 JavaThread "Common-Cleaner" daemon [_thread_blocked, id=9864, stack(0x000000f7e8800000,0x000000f7e8900000)]
  0x000002396451a800 JavaThread "Catalina-utility-1" [_thread_blocked, id=9828, stack(0x000000f7e8d00000,0x000000f7e8e00000)]
  0x0000023965d14000 JavaThread "Catalina-utility-2" [_thread_blocked, id=1332, stack(0x000000f7e8e00000,0x000000f7e8f00000)]
  0x0000023965d0d800 JavaThread "container-0" [_thread_blocked, id=12056, stack(0x000000f7e8f00000,0x000000f7e9000000)]

Other Threads:
=>0x0000023963524800 VMThread "VM Thread" [stack: 0x000000f7e7f00000,0x000000f7e8000000] [id=12236]
  0x0000023964005800 WatcherThread [stack: 0x000000f7e8700000,0x000000f7e8800000] [id=1100]
  0x0000023944533000 GCTaskThread "GC Thread#0" [stack: 0x000000f7e7a00000,0x000000f7e7b00000] [id=2072]
  0x00000239648ae800 GCTaskThread "GC Thread#1" [stack: 0x000000f7e8900000,0x000000f7e8a00000] [id=15312]
  0x0000023964591000 GCTaskThread "GC Thread#2" [stack: 0x000000f7e8a00000,0x000000f7e8b00000] [id=15176]
  0x0000023964a58800 GCTaskThread "GC Thread#3" [stack: 0x000000f7e8c00000,0x000000f7e8d00000] [id=11384]
  0x0000023965d0e000 GCTaskThread "GC Thread#4" [stack: 0x000000f7e9000000,0x000000f7e9100000] [id=12044]
  0x0000023965d3c000 GCTaskThread "GC Thread#5" [stack: 0x000000f7e9100000,0x000000f7e9200000] [id=8316]
  0x0000023965d3d000 GCTaskThread "GC Thread#6" [stack: 0x000000f7e9200000,0x000000f7e9300000] [id=10372]
  0x0000023964734000 GCTaskThread "GC Thread#7" [stack: 0x000000f7e9300000,0x000000f7e9400000] [id=8560]
  0x0000023944563000 ConcurrentGCThread "G1 Main Marker" [stack: 0x000000f7e7b00000,0x000000f7e7c00000] [id=13636]
  0x0000023944564800 ConcurrentGCThread "G1 Conc#0" [stack: 0x000000f7e7c00000,0x000000f7e7d00000] [id=14024]
  0x00000239655fa800 ConcurrentGCThread "G1 Conc#1" [stack: 0x000000f7e8b00000,0x000000f7e8c00000] [id=7052]
  0x00000239445dd800 ConcurrentGCThread "G1 Refine#0" [stack: 0x000000f7e7d00000,0x000000f7e7e00000] [id=6092]
  0x000002396338f800 ConcurrentGCThread "G1 Young RemSet Sampling" [stack: 0x000000f7e7e00000,0x000000f7e7f00000] [id=11440]

Threads with active compile tasks:

VM state:at safepoint (normal execution)

VM Mutex/Monitor currently owned by a thread:  ([mutex/lock_event])
[0x0000023944515d70] Threads_lock - owner thread: 0x0000023963524800
[0x0000023944515860] Heap_lock - owner thread: 0x0000023944519800

Heap address: 0x0000000081400000, size: 2028 MB, Compressed Oops mode: 32-bit
Narrow klass base: 0x0000000000000000, Narrow klass shift: 3
Compressed class space size: 1073741824 Address: 0x0000000100000000

Heap:
 garbage-first heap   total 157696K, used 14610K [0x0000000081400000, 0x0000000100000000)
  region size 1024K, 9 young (9216K), 9 survivors (9216K)
 Metaspace       used 31960K, capacity 33024K, committed 33328K, reserved 1079296K
  class space    used 3856K, capacity 4284K, committed 4400K, reserved 1048576K
Heap Regions: E=young(eden), S=young(survivor), O=old, HS=humongous(starts), HC=humongous(continues), CS=collection set, F=free, A=archive, TAMS=top-at-mark-start (previous, next)
|   0|0x0000000081400000, 0x0000000081500000, 0x0000000081500000|100%| O|  |TAMS 0x0000000081500000, 0x0000000081400000| Untracked 
|   1|0x0000000081500000, 0x0000000081600000, 0x0000000081600000|100%| O|  |TAMS 0x0000000081600000, 0x0000000081500000| Untracked 
|   2|0x0000000081600000, 0x0000000081700000, 0x0000000081700000|100%| O|  |TAMS 0x0000000081700000, 0x0000000081600000| Untracked 
|   3|0x0000000081700000, 0x0000000081800000, 0x0000000081800000|100%| O|  |TAMS 0x0000000081800000, 0x0000000081700000| Untracked 
|   4|0x0000000081800000, 0x0000000081900000, 0x0000000081900000|100%| O|  |TAMS 0x0000000081900000, 0x0000000081800000| Untracked 
|   5|0x0000000081900000, 0x00000000819c8e00, 0x0000000081a00000| 78%| O|  |TAMS 0x00000000819c8e00, 0x0000000081900000| Untracked 
|   6|0x0000000081a00000, 0x0000000081a00000, 0x0000000081b00000|  0%| F|  |TAMS 0x0000000081a00000, 0x0000000081a00000| Untracked 
|   7|0x0000000081b00000, 0x0000000081b00000, 0x0000000081c00000|  0%| F|  |TAMS 0x0000000081b00000, 0x0000000081b00000| Untracked 
|   8|0x0000000081c00000, 0x0000000081c00000, 0x0000000081d00000|  0%| F|  |TAMS 0x0000000081c00000, 0x0000000081c00000| Untracked 
|   9|0x0000000081d00000, 0x0000000081d00000, 0x0000000081e00000|  0%| F|  |TAMS 0x0000000081d00000, 0x0000000081d00000| Untracked 
|  10|0x0000000081e00000, 0x0000000081e00000, 0x0000000081f00000|  0%| F|  |TAMS 0x0000000081e00000, 0x0000000081e00000| Untracked 
|  11|0x0000000081f00000, 0x0000000081f00000, 0x0000000082000000|  0%| F|  |TAMS 0x0000000081f00000, 0x0000000081f00000| Untracked 
|  12|0x0000000082000000, 0x0000000082000000, 0x0000000082100000|  0%| F|  |TAMS 0x0000000082000000, 0x0000000082000000| Untracked 
|  13|0x0000000082100000, 0x0000000082100000, 0x0000000082200000|  0%| F|  |TAMS 0x0000000082100000, 0x0000000082100000| Untracked 
|  14|0x0000000082200000, 0x0000000082200000, 0x0000000082300000|  0%| F|  |TAMS 0x0000000082200000, 0x0000000082200000| Untracked 
|  15|0x0000000082300000, 0x0000000082300000, 0x0000000082400000|  0%| F|  |TAMS 0x0000000082300000, 0x0000000082300000| Untracked 
|  16|0x0000000082400000, 0x0000000082400000, 0x0000000082500000|  0%| F|  |TAMS 0x0000000082400000, 0x0000000082400000| Untracked 
|  17|0x0000000082500000, 0x0000000082500000, 0x0000000082600000|  0%| F|  |TAMS 0x0000000082500000, 0x0000000082500000| Untracked 
|  18|0x0000000082600000, 0x0000000082600000, 0x0000000082700000|  0%| F|  |TAMS 0x0000000082600000, 0x0000000082600000| Untracked 
|  19|0x0000000082700000, 0x0000000082700000, 0x0000000082800000|  0%| F|  |TAMS 0x0000000082700000, 0x0000000082700000| Untracked 
|  20|0x0000000082800000, 0x0000000082800000, 0x0000000082900000|  0%| F|  |TAMS 0x0000000082800000, 0x0000000082800000| Untracked 
|  21|0x0000000082900000, 0x0000000082900000, 0x0000000082a00000|  0%| F|  |TAMS 0x0000000082900000, 0x0000000082900000| Untracked 
|  22|0x0000000082a00000, 0x0000000082a00000, 0x0000000082b00000|  0%| F|  |TAMS 0x0000000082a00000, 0x0000000082a00000| Untracked 
|  23|0x0000000082b00000, 0x0000000082b00000, 0x0000000082c00000|  0%| F|  |TAMS 0x0000000082b00000, 0x0000000082b00000| Untracked 
|  24|0x0000000082c00000, 0x0000000082c00000, 0x0000000082d00000|  0%| F|  |TAMS 0x0000000082c00000, 0x0000000082c00000| Untracked 
|  25|0x0000000082d00000, 0x0000000082d00000, 0x0000000082e00000|  0%| F|  |TAMS 0x0000000082d00000, 0x0000000082d00000| Untracked 
|  26|0x0000000082e00000, 0x0000000082e00000, 0x0000000082f00000|  0%| F|  |TAMS 0x0000000082e00000, 0x0000000082e00000| Untracked 
|  27|0x0000000082f00000, 0x0000000082f00000, 0x0000000083000000|  0%| F|  |TAMS 0x0000000082f00000, 0x0000000082f00000| Untracked 
|  28|0x0000000083000000, 0x0000000083000000, 0x0000000083100000|  0%| F|  |TAMS 0x0000000083000000, 0x0000000083000000| Untracked 
|  29|0x0000000083100000, 0x0000000083100000, 0x0000000083200000|  0%| F|  |TAMS 0x0000000083100000, 0x0000000083100000| Untracked 
|  30|0x0000000083200000, 0x0000000083200000, 0x0000000083300000|  0%| F|  |TAMS 0x0000000083200000, 0x0000000083200000| Untracked 
|  31|0x0000000083300000, 0x0000000083300000, 0x0000000083400000|  0%| F|  |TAMS 0x0000000083300000, 0x0000000083300000| Untracked 
|  32|0x0000000083400000, 0x0000000083400000, 0x0000000083500000|  0%| F|  |TAMS 0x0000000083400000, 0x0000000083400000| Untracked 
|  33|0x0000000083500000, 0x0000000083500000, 0x0000000083600000|  0%| F|  |TAMS 0x0000000083500000, 0x0000000083500000| Untracked 
|  34|0x0000000083600000, 0x0000000083600000, 0x0000000083700000|  0%| F|  |TAMS 0x0000000083600000, 0x0000000083600000| Untracked 
|  35|0x0000000083700000, 0x0000000083700000, 0x0000000083800000|  0%| F|  |TAMS 0x0000000083700000, 0x0000000083700000| Untracked 
|  36|0x0000000083800000, 0x0000000083800000, 0x0000000083900000|  0%| F|  |TAMS 0x0000000083800000, 0x0000000083800000| Untracked 
|  37|0x0000000083900000, 0x0000000083900000, 0x0000000083a00000|  0%| F|  |TAMS 0x0000000083900000, 0x0000000083900000| Untracked 
|  38|0x0000000083a00000, 0x0000000083a00000, 0x0000000083b00000|  0%| F|  |TAMS 0x0000000083a00000, 0x0000000083a00000| Untracked 
|  39|0x0000000083b00000, 0x0000000083b00000, 0x0000000083c00000|  0%| F|  |TAMS 0x0000000083b00000, 0x0000000083b00000| Untracked 
|  40|0x0000000083c00000, 0x0000000083c00000, 0x0000000083d00000|  0%| F|  |TAMS 0x0000000083c00000, 0x0000000083c00000| Untracked 
|  41|0x0000000083d00000, 0x0000000083d00000, 0x0000000083e00000|  0%| F|  |TAMS 0x0000000083d00000, 0x0000000083d00000| Untracked 
|  42|0x0000000083e00000, 0x0000000083e00000, 0x0000000083f00000|  0%| F|  |TAMS 0x0000000083e00000, 0x0000000083e00000| Untracked 
|  43|0x0000000083f00000, 0x0000000083f7ba48, 0x0000000084000000| 48%| S|CS|TAMS 0x0000000083f00000, 0x0000000083f00000| Complete 
|  44|0x0000000084000000, 0x0000000084100000, 0x0000000084100000|100%| S|CS|TAMS 0x0000000084000000, 0x0000000084000000| Complete 
|  45|0x0000000084100000, 0x0000000084200000, 0x0000000084200000|100%| S|CS|TAMS 0x0000000084100000, 0x0000000084100000| Complete 
|  46|0x0000000084200000, 0x0000000084300000, 0x0000000084300000|100%| S|CS|TAMS 0x0000000084200000, 0x0000000084200000| Complete 
|  47|0x0000000084300000, 0x0000000084400000, 0x0000000084400000|100%| S|CS|TAMS 0x0000000084300000, 0x0000000084300000| Complete 
|  48|0x0000000084400000, 0x0000000084500000, 0x0000000084500000|100%| S|CS|TAMS 0x0000000084400000, 0x0000000084400000| Complete 
|  49|0x0000000084500000, 0x0000000084600000, 0x0000000084600000|100%| S|CS|TAMS 0x0000000084500000, 0x0000000084500000| Complete 
|  50|0x0000000084600000, 0x0000000084700000, 0x0000000084700000|100%| S|CS|TAMS 0x0000000084600000, 0x0000000084600000| Complete 
|  51|0x0000000084700000, 0x0000000084800000, 0x0000000084800000|100%| S|CS|TAMS 0x0000000084700000, 0x0000000084700000| Complete 
|  52|0x0000000084800000, 0x0000000084800000, 0x0000000084900000|  0%| F|  |TAMS 0x0000000084800000, 0x0000000084800000| Untracked 
|  53|0x0000000084900000, 0x0000000084900000, 0x0000000084a00000|  0%| F|  |TAMS 0x0000000084900000, 0x0000000084900000| Untracked 
|  54|0x0000000084a00000, 0x0000000084a00000, 0x0000000084b00000|  0%| F|  |TAMS 0x0000000084a00000, 0x0000000084a00000| Untracked 
|  55|0x0000000084b00000, 0x0000000084b00000, 0x0000000084c00000|  0%| F|  |TAMS 0x0000000084b00000, 0x0000000084b00000| Untracked 
|  56|0x0000000084c00000, 0x0000000084c00000, 0x0000000084d00000|  0%| F|  |TAMS 0x0000000084c00000, 0x0000000084c00000| Untracked 
|  57|0x0000000084d00000, 0x0000000084d00000, 0x0000000084e00000|  0%| F|  |TAMS 0x0000000084d00000, 0x0000000084d00000| Untracked 
|  58|0x0000000084e00000, 0x0000000084e00000, 0x0000000084f00000|  0%| F|  |TAMS 0x0000000084e00000, 0x0000000084e00000| Untracked 
|  59|0x0000000084f00000, 0x0000000084f00000, 0x0000000085000000|  0%| F|  |TAMS 0x0000000084f00000, 0x0000000084f00000| Untracked 
|  60|0x0000000085000000, 0x0000000085000000, 0x0000000085100000|  0%| F|  |TAMS 0x0000000085000000, 0x0000000085000000| Untracked 
|  61|0x0000000085100000, 0x0000000085100000, 0x0000000085200000|  0%| F|  |TAMS 0x0000000085100000, 0x0000000085100000| Untracked 
|  62|0x0000000085200000, 0x0000000085200000, 0x0000000085300000|  0%| F|  |TAMS 0x0000000085200000, 0x0000000085200000| Untracked 
|  63|0x0000000085300000, 0x0000000085300000, 0x0000000085400000|  0%| F|  |TAMS 0x0000000085300000, 0x0000000085300000| Untracked 
|  64|0x0000000085400000, 0x0000000085400000, 0x0000000085500000|  0%| F|  |TAMS 0x0000000085400000, 0x0000000085400000| Untracked 
|  65|0x0000000085500000, 0x0000000085500000, 0x0000000085600000|  0%| F|  |TAMS 0x0000000085500000, 0x0000000085500000| Untracked 
|  66|0x0000000085600000, 0x0000000085600000, 0x0000000085700000|  0%| F|  |TAMS 0x0000000085600000, 0x0000000085600000| Untracked 
|  67|0x0000000085700000, 0x0000000085700000, 0x0000000085800000|  0%| F|  |TAMS 0x0000000085700000, 0x0000000085700000| Untracked 
|  68|0x0000000085800000, 0x0000000085800000, 0x0000000085900000|  0%| F|  |TAMS 0x0000000085800000, 0x0000000085800000| Untracked 
|  69|0x0000000085900000, 0x0000000085900000, 0x0000000085a00000|  0%| F|  |TAMS 0x0000000085900000, 0x0000000085900000| Untracked 
|  70|0x0000000085a00000, 0x0000000085a00000, 0x0000000085b00000|  0%| F|  |TAMS 0x0000000085a00000, 0x0000000085a00000| Untracked 
|  71|0x0000000085b00000, 0x0000000085b00000, 0x0000000085c00000|  0%| F|  |TAMS 0x0000000085b00000, 0x0000000085b00000| Untracked 
|  72|0x0000000085c00000, 0x0000000085c00000, 0x0000000085d00000|  0%| F|  |TAMS 0x0000000085c00000, 0x0000000085c00000| Untracked 
|  73|0x0000000085d00000, 0x0000000085d00000, 0x0000000085e00000|  0%| F|  |TAMS 0x0000000085d00000, 0x0000000085d00000| Untracked 
|  74|0x0000000085e00000, 0x0000000085e00000, 0x0000000085f00000|  0%| F|  |TAMS 0x0000000085e00000, 0x0000000085e00000| Untracked 
|  75|0x0000000085f00000, 0x0000000085f00000, 0x0000000086000000|  0%| F|  |TAMS 0x0000000085f00000, 0x0000000085f00000| Untracked 
|  76|0x0000000086000000, 0x0000000086000000, 0x0000000086100000|  0%| F|  |TAMS 0x0000000086000000, 0x0000000086000000| Untracked 
|  77|0x0000000086100000, 0x0000000086100000, 0x0000000086200000|  0%| F|  |TAMS 0x0000000086100000, 0x0000000086100000| Untracked 
|  78|0x0000000086200000, 0x0000000086200000, 0x0000000086300000|  0%| F|  |TAMS 0x0000000086200000, 0x0000000086200000| Untracked 
|  79|0x0000000086300000, 0x0000000086300000, 0x0000000086400000|  0%| F|  |TAMS 0x0000000086300000, 0x0000000086300000| Untracked 
|  80|0x0000000086400000, 0x0000000086400000, 0x0000000086500000|  0%| F|  |TAMS 0x0000000086400000, 0x0000000086400000| Untracked 
|  81|0x0000000086500000, 0x0000000086500000, 0x0000000086600000|  0%| F|  |TAMS 0x0000000086500000, 0x0000000086500000| Untracked 
|  82|0x0000000086600000, 0x0000000086600000, 0x0000000086700000|  0%| F|  |TAMS 0x0000000086600000, 0x0000000086600000| Untracked 
|  83|0x0000000086700000, 0x0000000086700000, 0x0000000086800000|  0%| F|  |TAMS 0x0000000086700000, 0x0000000086700000| Untracked 
|  84|0x0000000086800000, 0x0000000086800000, 0x0000000086900000|  0%| F|  |TAMS 0x0000000086800000, 0x0000000086800000| Untracked 
|  85|0x0000000086900000, 0x0000000086900000, 0x0000000086a00000|  0%| F|  |TAMS 0x0000000086900000, 0x0000000086900000| Untracked 
|  86|0x0000000086a00000, 0x0000000086a00000, 0x0000000086b00000|  0%| F|  |TAMS 0x0000000086a00000, 0x0000000086a00000| Untracked 
|  87|0x0000000086b00000, 0x0000000086b00000, 0x0000000086c00000|  0%| F|  |TAMS 0x0000000086b00000, 0x0000000086b00000| Untracked 
|  88|0x0000000086c00000, 0x0000000086c00000, 0x0000000086d00000|  0%| F|  |TAMS 0x0000000086c00000, 0x0000000086c00000| Untracked 
|  89|0x0000000086d00000, 0x0000000086d00000, 0x0000000086e00000|  0%| F|  |TAMS 0x0000000086d00000, 0x0000000086d00000| Untracked 
|  90|0x0000000086e00000, 0x0000000086e00000, 0x0000000086f00000|  0%| F|  |TAMS 0x0000000086e00000, 0x0000000086e00000| Untracked 
|  91|0x0000000086f00000, 0x0000000086f00000, 0x0000000087000000|  0%| F|  |TAMS 0x0000000086f00000, 0x0000000086f00000| Untracked 
|  92|0x0000000087000000, 0x0000000087000000, 0x0000000087100000|  0%| F|  |TAMS 0x0000000087000000, 0x0000000087000000| Untracked 
|  93|0x0000000087100000, 0x0000000087100000, 0x0000000087200000|  0%| F|  |TAMS 0x0000000087100000, 0x0000000087100000| Untracked 
|  94|0x0000000087200000, 0x0000000087200000, 0x0000000087300000|  0%| F|  |TAMS 0x0000000087200000, 0x0000000087200000| Untracked 
|  95|0x0000000087300000, 0x0000000087300000, 0x0000000087400000|  0%| F|  |TAMS 0x0000000087300000, 0x0000000087300000| Untracked 
|  96|0x0000000087400000, 0x0000000087400000, 0x0000000087500000|  0%| F|  |TAMS 0x0000000087400000, 0x0000000087400000| Untracked 
|  97|0x0000000087500000, 0x0000000087500000, 0x0000000087600000|  0%| F|  |TAMS 0x0000000087500000, 0x0000000087500000| Untracked 
|  98|0x0000000087600000, 0x0000000087600000, 0x0000000087700000|  0%| F|  |TAMS 0x0000000087600000, 0x0000000087600000| Untracked 
|  99|0x0000000087700000, 0x0000000087700000, 0x0000000087800000|  0%| F|  |TAMS 0x0000000087700000, 0x0000000087700000| Untracked 
| 100|0x0000000087800000, 0x0000000087800000, 0x0000000087900000|  0%| F|  |TAMS 0x0000000087800000, 0x0000000087800000| Untracked 
| 101|0x0000000087900000, 0x0000000087900000, 0x0000000087a00000|  0%| F|  |TAMS 0x0000000087900000, 0x0000000087900000| Untracked 
| 102|0x0000000087a00000, 0x0000000087a00000, 0x0000000087b00000|  0%| F|  |TAMS 0x0000000087a00000, 0x0000000087a00000| Untracked 
| 103|0x0000000087b00000, 0x0000000087b00000, 0x0000000087c00000|  0%| F|  |TAMS 0x0000000087b00000, 0x0000000087b00000| Untracked 
| 104|0x0000000087c00000, 0x0000000087c00000, 0x0000000087d00000|  0%| F|  |TAMS 0x0000000087c00000, 0x0000000087c00000| Untracked 
| 105|0x0000000087d00000, 0x0000000087d00000, 0x0000000087e00000|  0%| F|  |TAMS 0x0000000087d00000, 0x0000000087d00000| Untracked 
| 106|0x0000000087e00000, 0x0000000087e00000, 0x0000000087f00000|  0%| F|  |TAMS 0x0000000087e00000, 0x0000000087e00000| Untracked 
| 107|0x0000000087f00000, 0x0000000087f00000, 0x0000000088000000|  0%| F|  |TAMS 0x0000000087f00000, 0x0000000087f00000| Untracked 
| 108|0x0000000088000000, 0x0000000088000000, 0x0000000088100000|  0%| F|  |TAMS 0x0000000088000000, 0x0000000088000000| Untracked 
| 109|0x0000000088100000, 0x0000000088100000, 0x0000000088200000|  0%| F|  |TAMS 0x0000000088100000, 0x0000000088100000| Untracked 
| 110|0x0000000088200000, 0x0000000088200000, 0x0000000088300000|  0%| F|  |TAMS 0x0000000088200000, 0x0000000088200000| Untracked 
| 111|0x0000000088300000, 0x0000000088300000, 0x0000000088400000|  0%| F|  |TAMS 0x0000000088300000, 0x0000000088300000| Untracked 
| 112|0x0000000088400000, 0x0000000088400000, 0x0000000088500000|  0%| F|  |TAMS 0x0000000088400000, 0x0000000088400000| Untracked 
| 113|0x0000000088500000, 0x0000000088500000, 0x0000000088600000|  0%| F|  |TAMS 0x0000000088500000, 0x0000000088500000| Untracked 
| 114|0x0000000088600000, 0x0000000088600000, 0x0000000088700000|  0%| F|  |TAMS 0x0000000088600000, 0x0000000088600000| Untracked 
| 115|0x0000000088700000, 0x0000000088700000, 0x0000000088800000|  0%| F|  |TAMS 0x0000000088700000, 0x0000000088700000| Untracked 
| 116|0x0000000088800000, 0x0000000088800000, 0x0000000088900000|  0%| F|  |TAMS 0x0000000088800000, 0x0000000088800000| Untracked 
| 117|0x0000000088900000, 0x0000000088900000, 0x0000000088a00000|  0%| F|  |TAMS 0x0000000088900000, 0x0000000088900000| Untracked 
| 118|0x0000000088a00000, 0x0000000088a00000, 0x0000000088b00000|  0%| F|  |TAMS 0x0000000088a00000, 0x0000000088a00000| Untracked 
| 119|0x0000000088b00000, 0x0000000088b00000, 0x0000000088c00000|  0%| F|  |TAMS 0x0000000088b00000, 0x0000000088b00000| Untracked 
| 120|0x0000000088c00000, 0x0000000088c00000, 0x0000000088d00000|  0%| F|  |TAMS 0x0000000088c00000, 0x0000000088c00000| Untracked 
| 121|0x0000000088d00000, 0x0000000088d00000, 0x0000000088e00000|  0%| F|  |TAMS 0x0000000088d00000, 0x0000000088d00000| Untracked 
| 122|0x0000000088e00000, 0x0000000088e00000, 0x0000000088f00000|  0%| F|  |TAMS 0x0000000088e00000, 0x0000000088e00000| Untracked 
| 123|0x0000000088f00000, 0x0000000088f00000, 0x0000000089000000|  0%| F|  |TAMS 0x0000000088f00000, 0x0000000088f00000| Untracked 
| 124|0x0000000089000000, 0x0000000089000000, 0x0000000089100000|  0%| F|  |TAMS 0x0000000089000000, 0x0000000089000000| Untracked 
| 125|0x0000000089100000, 0x0000000089100000, 0x0000000089200000|  0%| F|  |TAMS 0x0000000089100000, 0x0000000089100000| Untracked 
| 126|0x0000000089200000, 0x0000000089200000, 0x0000000089300000|  0%| F|  |TAMS 0x0000000089200000, 0x0000000089200000| Untracked 
| 127|0x0000000089300000, 0x0000000089300000, 0x0000000089400000|  0%| F|  |TAMS 0x0000000089300000, 0x0000000089300000| Untracked 

Card table byte_map: [0x000002395c370000,0x000002395c770000] _byte_map_base: 0x000002395bf66000

Marking Bits (Prev, Next): (CMBitMap*) 0x000002394455a530, (CMBitMap*) 0x000002394455a4f8
 Prev Bits: [0x000002395eb20000, 0x0000023960ad0000)
 Next Bits: [0x000002395cb70000, 0x000002395eb20000)

Polling page: 0x0000023942520000

Metaspace:

Usage:
  Non-class:     28.07 MB capacity,    27.45 MB ( 98%) used,   518.37 KB (  2%) free+waste,   117.94 KB ( <1%) overhead. 
      Class:      4.18 MB capacity,     3.77 MB ( 90%) used,   368.27 KB (  9%) free+waste,    59.00 KB (  1%) overhead. 
       Both:     32.25 MB capacity,    31.21 MB ( 97%) used,   886.63 KB (  3%) free+waste,   176.94 KB ( <1%) overhead. 

Virtual space:
  Non-class space:       30.00 MB reserved,      28.25 MB ( 94%) committed 
      Class space:        1.00 GB reserved,       4.30 MB ( <1%) committed 
             Both:        1.03 GB reserved,      32.55 MB (  3%) committed 

Chunk freelists:
   Non-Class:  60.00 KB
       Class:  4.00 KB
        Both:  64.00 KB

MaxMetaspaceSize: 17179869184.00 GB
CompressedClassSpaceSize: 1.00 GB
Initial GC threshold: 20.80 MB
Current GC threshold: 34.87 MB
CDS: off

CodeHeap 'non-profiled nmethods': size=238336Kb used=5534Kb max_used=5534Kb free=232801Kb
 bounds [0x000002394d380000, 0x000002394d8f0000, 0x000002395bc40000]
CodeHeap 'non-nmethods': size=7424Kb used=1178Kb max_used=1178Kb free=6245Kb
 bounds [0x000002394cc40000, 0x000002394ceb0000, 0x000002394d380000]
 total_blobs=3942 nmethods=3497 adapters=372
 compilation: enabled
              stopped_count=0, restarted_count=0
 full_count=0

Compilation events (20 events):
Event: 10.007 Thread 0x0000023963ed2800 3490       1       org.springframework.context.annotation.CommonAnnotationBeanPostProcessor::lambda$buildResourceMetadata$0 (181 bytes)
Event: 10.009 Thread 0x0000023963ed2800 nmethod 3490 0x000002394d8e3e10 code [0x000002394d8e4060, 0x000002394d8e4558]
Event: 10.009 Thread 0x0000023963ed2800 3494       1       org.springframework.util.ReflectionUtils::findMethod (109 bytes)
Event: 10.012 Thread 0x0000023963ed2800 nmethod 3494 0x000002394d8e4810 code [0x000002394d8e4a60, 0x000002394d8e4f38]
Event: 10.012 Thread 0x0000023963ed2800 3492       1       org.springframework.beans.factory.annotation.AutowiredAnnotationBeanPostProcessor$$Lambda$433/0x0000000100367040::doWith (13 bytes)
Event: 10.012 Thread 0x0000023963ed2800 nmethod 3492 0x000002394d8e5390 code [0x000002394d8e5540, 0x000002394d8e5628]
Event: 10.012 Thread 0x0000023963ed2800 3493       1       org.springframework.beans.factory.annotation.AutowiredAnnotationBeanPostProcessor::lambda$buildAutowiringMetadata$1 (87 bytes)
Event: 10.015 Thread 0x0000023963ed2800 nmethod 3493 0x000002394d8e5710 code [0x000002394d8e59a0, 0x000002394d8e5ff8]
Event: 10.015 Thread 0x0000023963ed2800 3491       1       java.lang.reflect.Field::getAnnotation (23 bytes)
Event: 10.016 Thread 0x0000023963ed2800 nmethod 3491 0x000002394d8e6390 code [0x000002394d8e6580, 0x000002394d8e6888]
Event: 10.016 Thread 0x0000023963ed2800 3487       1       com.fasterxml.jackson.databind.type.ClassKey::hashCode (5 bytes)
Event: 10.016 Thread 0x0000023963ed2800 nmethod 3487 0x000002394d8e6a10 code [0x000002394d8e6bc0, 0x000002394d8e6c78]
Event: 10.021 Thread 0x0000023963ed2800 3495       1       org.springframework.boot.autoconfigure.SharedMetadataReaderFactoryContextInitializer$SharedMetadataReaderFactoryBean::getObjectType (3 bytes)
Event: 10.021 Thread 0x0000023963ed2800 nmethod 3495 0x000002394d8e6d10 code [0x000002394d8e6ec0, 0x000002394d8e6f78]
Event: 10.062 Thread 0x0000023963ed2800 3496       1       java.nio.ByteBuffer::array (35 bytes)
Event: 10.063 Thread 0x0000023963ed2800 nmethod 3496 0x000002394d8e7010 code [0x000002394d8e71e0, 0x000002394d8e7378]
Event: 10.102 Thread 0x0000023963ed2800 3497       1       org.apache.catalina.LifecycleState::getLifecycleEvent (5 bytes)
Event: 10.103 Thread 0x0000023963ed2800 nmethod 3497 0x000002394d8e7490 code [0x000002394d8e7640, 0x000002394d8e76f8]
Event: 10.112 Thread 0x0000023963ed2800 3498       1       java.util.Hashtable::<init> (9 bytes)
Event: 10.112 Thread 0x0000023963ed2800 nmethod 3498 0x000002394d8e7790 code [0x000002394d8e7960, 0x000002394d8e7a48]

GC Heap History (9 events):
Event: 2.498 GC heap before
{Heap before GC invocations=0 (full 0):
 garbage-first heap   total 131072K, used 23552K [0x0000000081400000, 0x0000000100000000)
  region size 1024K, 24 young (24576K), 0 survivors (0K)
 Metaspace       used 12358K, capacity 12618K, committed 12928K, reserved 1060864K
  class space    used 1241K, capacity 1322K, committed 1408K, reserved 1048576K
}
Event: 2.517 GC heap after
{Heap after GC invocations=1 (full 0):
 garbage-first heap   total 131072K, used 5895K [0x0000000081400000, 0x0000000100000000)
  region size 1024K, 3 young (3072K), 3 survivors (3072K)
 Metaspace       used 12358K, capacity 12618K, committed 12928K, reserved 1060864K
  class space    used 1241K, capacity 1322K, committed 1408K, reserved 1048576K
}
Event: 3.594 GC heap before
{Heap before GC invocations=1 (full 0):
 garbage-first heap   total 131072K, used 26375K [0x0000000081400000, 0x0000000100000000)
  region size 1024K, 23 young (23552K), 3 survivors (3072K)
 Metaspace       used 17037K, capacity 17564K, committed 17792K, reserved 1064960K
  class space    used 1884K, capacity 2070K, committed 2176K, reserved 1048576K
}
Event: 3.610 GC heap after
{Heap after GC invocations=2 (full 0):
 garbage-first heap   total 131072K, used 7255K [0x0000000081400000, 0x0000000100000000)
  region size 1024K, 2 young (2048K), 2 survivors (2048K)
 Metaspace       used 17037K, capacity 17564K, committed 17792K, reserved 1064960K
  class space    used 1884K, capacity 2070K, committed 2176K, reserved 1048576K
}
Event: 4.400 GC heap before
{Heap before GC invocations=2 (full 0):
 garbage-first heap   total 131072K, used 28759K [0x0000000081400000, 0x0000000100000000)
  region size 1024K, 24 young (24576K), 2 survivors (2048K)
 Metaspace       used 20673K, capacity 21226K, committed 21296K, reserved 1069056K
  class space    used 2353K, capacity 2567K, committed 2608K, reserved 1048576K
}
Event: 4.415 GC heap after
{Heap after GC invocations=3 (full 0):
 garbage-first heap   total 131072K, used 8361K [0x0000000081400000, 0x0000000100000000)
  region size 1024K, 3 young (3072K), 3 survivors (3072K)
 Metaspace       used 20673K, capacity 21226K, committed 21296K, reserved 1069056K
  class space    used 2353K, capacity 2567K, committed 2608K, reserved 1048576K
}
Event: 6.217 GC heap before
{Heap before GC invocations=4 (full 0):
 garbage-first heap   total 131072K, used 68777K [0x0000000081400000, 0x0000000100000000)
  region size 1024K, 62 young (63488K), 3 survivors (3072K)
 Metaspace       used 22866K, capacity 23579K, committed 23728K, reserved 1071104K
  class space    used 2634K, capacity 2880K, committed 2992K, reserved 1048576K
}
Event: 6.242 GC heap after
{Heap after GC invocations=5 (full 0):
 garbage-first heap   total 131072K, used 10688K [0x0000000081400000, 0x0000000100000000)
  region size 1024K, 5 young (5120K), 5 survivors (5120K)
 Metaspace       used 22866K, capacity 23579K, committed 23728K, reserved 1071104K
  class space    used 2634K, capacity 2880K, committed 2992K, reserved 1048576K
}
Event: 10.128 GC heap before
{Heap before GC invocations=5 (full 0):
 garbage-first heap   total 131072K, used 83392K [0x0000000081400000, 0x0000000100000000)
  region size 1024K, 76 young (77824K), 5 survivors (5120K)
 Metaspace       used 31960K, capacity 33024K, committed 33328K, reserved 1079296K
  class space    used 3856K, capacity 4284K, committed 4400K, reserved 1048576K
}

Deoptimization events (4 events):
Event: 5.958 Thread 0x0000023944519800 DEOPT PACKING pc=0x000002394d6ff9ec sp=0x000000f7e79fe4b0
Event: 5.958 Thread 0x0000023944519800 DEOPT UNPACKING pc=0x000002394cc8a95e sp=0x000000f7e79fd9a0 mode 0
Event: 6.450 Thread 0x0000023944519800 DEOPT PACKING pc=0x000002394d64d8ec sp=0x000000f7e79fd6b0
Event: 6.450 Thread 0x0000023944519800 DEOPT UNPACKING pc=0x000002394cc8a95e sp=0x000000f7e79fcc18 mode 0

Classes redefined (0 events):
No events

Internal exceptions (20 events):
Event: 7.896 Thread 0x0000023944519800 Exception <a 'java/lang/ClassNotFoundException'{0x00000000872db150}: org/springframework/beans/factory/config/InstantiationAwareBeanPostProcessorCustomizer> (0x00000000872db150) thrown at [./src/hotspot/share/classfile/systemDictionary.cpp, line 230]
Event: 7.898 Thread 0x0000023944519800 Exception <a 'java/lang/ClassNotFoundException'{0x00000000872f1880}: org/springframework/beans/factory/config/BeanPostProcessorCustomizer> (0x00000000872f1880) thrown at [./src/hotspot/share/classfile/systemDictionary.cpp, line 230]
Event: 7.899 Thread 0x0000023944519800 Exception <a 'java/lang/ClassNotFoundException'{0x0000000087104fb8}: org/springframework/beans/factory/BeanFactoryAwareCustomizer> (0x0000000087104fb8) thrown at [./src/hotspot/share/classfile/systemDictionary.cpp, line 230]
Event: 7.901 Thread 0x0000023944519800 Exception <a 'java/lang/ClassNotFoundException'{0x0000000087116870}: org/springframework/beans/factory/AwareCustomizer> (0x0000000087116870) thrown at [./src/hotspot/share/classfile/systemDictionary.cpp, line 230]
Event: 7.902 Thread 0x0000023944519800 Exception <a 'java/lang/ClassNotFoundException'{0x0000000087125bb8}: org/springframework/core/OrderedCustomizer> (0x0000000087125bb8) thrown at [./src/hotspot/share/classfile/systemDictionary.cpp, line 230]
Event: 7.904 Thread 0x0000023944519800 Exception <a 'java/lang/ClassNotFoundException'{0x00000000871388d0}: org/springframework/beans/factory/BeanClassLoaderAwareCustomizer> (0x00000000871388d0) thrown at [./src/hotspot/share/classfile/systemDictionary.cpp, line 230]
Event: 7.906 Thread 0x0000023944519800 Exception <a 'java/lang/ClassNotFoundException'{0x0000000087149848}: org/springframework/beans/factory/AwareCustomizer> (0x0000000087149848) thrown at [./src/hotspot/share/classfile/systemDictionary.cpp, line 230]
Event: 7.908 Thread 0x0000023944519800 Exception <a 'java/lang/ClassNotFoundException'{0x000000008715ba30}: org/springframework/aop/framework/AopInfrastructureBeanCustomizer> (0x000000008715ba30) thrown at [./src/hotspot/share/classfile/systemDictionary.cpp, line 230]
Event: 7.968 Thread 0x0000023944519800 Exception <a 'java/lang/NoSuchMethodError'{0x000000008709d678}: 'java.lang.Object java.lang.invoke.DirectMethodHandle$Holder.invokeSpecialIFC(java.lang.Object, java.lang.Object, java.lang.Object)'> (0x000000008709d678) thrown at [./src/hotspot/share/interpreter/linkResolver.cpp, line 773]
Event: 8.059 Thread 0x0000023944519800 Exception <a 'java/lang/NoSuchMethodError'{0x0000000086e2e3b0}: 'int java.lang.invoke.DirectMethodHandle$Holder.invokeSpecial(java.lang.Object, java.lang.Object, java.lang.Object, java.lang.Object, java.lang.Object)'> (0x0000000086e2e3b0) thrown at [./src/hotspot/share/interpreter/linkResolver.cpp, line 773]
Event: 8.180 Thread 0x0000023944519800 Exception <a 'java/lang/NoSuchMethodError'{0x0000000086c850c0}: 'void java.lang.invoke.DelegatingMethodHandle$Holder.delegate(java.lang.Object, java.lang.Object, int, java.lang.Object)'> (0x0000000086c850c0) thrown at [./src/hotspot/share/interpreter/linkResolver.cpp, line 773]
Event: 8.248 Thread 0x0000023944519800 Exception <a 'java/lang/NoSuchMethodError'{0x0000000086ba3668}: 'void java.lang.invoke.DirectMethodHandle$Holder.invokeInterface(java.lang.Object, java.lang.Object, int)'> (0x0000000086ba3668) thrown at [./src/hotspot/share/interpreter/linkResolver.cpp, line 773]
Event: 8.261 Thread 0x0000023944519800 Exception <a 'java/lang/IncompatibleClassChangeError'{0x0000000086beeec0}: Found class java.lang.Object, but interface was expected> (0x0000000086beeec0) thrown at [./src/hotspot/share/interpreter/linkResolver.cpp, line 839]
Event: 8.263 Thread 0x0000023944519800 Exception <a 'java/lang/NoSuchMethodError'{0x0000000086bf3d68}: 'void java.lang.invoke.DirectMethodHandle$Holder.invokeStatic(java.lang.Object, int, java.lang.Object)'> (0x0000000086bf3d68) thrown at [./src/hotspot/share/interpreter/linkResolver.cpp, line 773]
Event: 8.352 Thread 0x0000023944519800 Exception <a 'java/lang/NoSuchMethodError'{0x0000000086809d38}: 'void java.lang.invoke.DirectMethodHandle$Holder.invokeStatic(java.lang.Object, java.lang.Object, int)'> (0x0000000086809d38) thrown at [./src/hotspot/share/interpreter/linkResolver.cpp, line 773]
Event: 8.500 Thread 0x0000023944519800 Exception <a 'java/lang/NoSuchMethodError'{0x0000000086530310}: 'java.lang.Object java.lang.invoke.DirectMethodHandle$Holder.invokeStaticInit(java.lang.Object, int, int, int, int)'> (0x0000000086530310) thrown at [./src/hotspot/share/interpreter/linkResolver.cpp, line 773]
Event: 9.126 Thread 0x0000023944519800 Exception <a 'java/lang/NoSuchMethodError'{0x00000000865fb768}: 'java.lang.Object java.lang.invoke.DirectMethodHandle$Holder.invokeStaticInit(java.lang.Object, java.lang.Object, int, int, int, int)'> (0x00000000865fb768) thrown at [./src/hotspot/share/interpreter/linkResolver.cpp, line 773]
Event: 9.858 Thread 0x0000023944519800 Exception <a 'java/io/FileNotFoundException'{0x0000000084fbb9e8}> (0x0000000084fbb9e8) thrown at [./src/hotspot/share/prims/jni.cpp, line 616]
Event: 9.956 Thread 0x0000023944519800 Exception <a 'java/lang/NoSuchMethodError'{0x0000000084c09c90}: 'int java.lang.invoke.DirectMethodHandle$Holder.invokeInterface(java.lang.Object, java.lang.Object, java.lang.Object, java.lang.Object)'> (0x0000000084c09c90) thrown at [./src/hotspot/share/interpreter/linkResolver.cpp, line 773]
Event: 10.084 Thread 0x0000023944519800 Exception <a 'java/io/FileNotFoundException'{0x0000000084917ac8}> (0x0000000084917ac8) thrown at [./src/hotspot/share/prims/jni.cpp, line 616]

Events (20 events):
Event: 10.114 loading class org/apache/naming/LocalStrings
Event: 10.114 loading class org/apache/naming/LocalStrings done
Event: 10.116 loading class org/apache/naming/LocalStrings_es
Event: 10.116 loading class org/apache/naming/LocalStrings_es done
Event: 10.117 loading class org/apache/naming/LocalStrings_es_MX
Event: 10.117 loading class org/apache/naming/LocalStrings_es_MX done
Event: 10.119 loading class org/apache/naming/ContextAccessController
Event: 10.119 loading class org/apache/naming/ContextAccessController done
Event: 10.120 loading class org/springframework/boot/web/embedded/tomcat/TomcatWebServer$1
Event: 10.120 loading class org/springframework/boot/web/embedded/tomcat/TomcatWebServer$1 done
Event: 10.121 Thread 0x0000023965d0d800 Thread added: 0x0000023965d0d800
Event: 10.122 loading class org/springframework/boot/web/context/WebServerGracefulShutdownLifecycle
Event: 10.122 loading class org/springframework/boot/web/context/WebServerGracefulShutdownLifecycle done
Event: 10.123 loading class org/springframework/boot/web/servlet/context/WebServerStartStopLifecycle
Event: 10.123 loading class org/springframework/boot/web/servlet/context/WebServerStartStopLifecycle done
Event: 10.124 loading class org/springframework/web/context/support/ServletContextPropertySource
Event: 10.124 loading class org/springframework/web/context/support/ServletContextPropertySource done
Event: 10.126 loading class org/springframework/context/weaving/LoadTimeWeaverAware
Event: 10.126 loading class org/springframework/context/weaving/LoadTimeWeaverAware done
Event: 10.128 Executing VM operation: G1CollectForAllocation


Dynamic libraries:
0x00007ff756d90000 - 0x00007ff756d9d000 	C:\Program Files\Amazon Corretto\jdk11.0.14_10\bin\java.exe
0x00007ffb1d260000 - 0x00007ffb1d450000 	C:\WINDOWS\SYSTEM32\ntdll.dll
0x00007ffb1cf50000 - 0x00007ffb1d002000 	C:\WINDOWS\System32\KERNEL32.DLL
0x00007ffb1a3a0000 - 0x00007ffb1a645000 	C:\WINDOWS\System32\KERNELBASE.dll
0x00007ffb1a2a0000 - 0x00007ffb1a39a000 	C:\WINDOWS\System32\ucrtbase.dll
0x00007ffb010e0000 - 0x00007ffb010f7000 	C:\Program Files\Amazon Corretto\jdk11.0.14_10\bin\jli.dll
0x00007ffafad70000 - 0x00007ffafad89000 	C:\Program Files\Amazon Corretto\jdk11.0.14_10\bin\VCRUNTIME140.dll
0x00007ffb1be30000 - 0x00007ffb1bfc4000 	C:\WINDOWS\System32\USER32.dll
0x00007ffb1ae40000 - 0x00007ffb1ae61000 	C:\WINDOWS\System32\win32u.dll
0x00007ffb0b370000 - 0x00007ffb0b5f4000 	C:\WINDOWS\WinSxS\amd64_microsoft.windows.common-controls_6595b64144ccf1df_6.0.18362.1556_none_9e7e372fe45e41d5\COMCTL32.dll
0x00007ffb1b420000 - 0x00007ffb1b446000 	C:\WINDOWS\System32\GDI32.dll
0x00007ffb1d010000 - 0x00007ffb1d0ae000 	C:\WINDOWS\System32\msvcrt.dll
0x00007ffb1b170000 - 0x00007ffb1b308000 	C:\WINDOWS\System32\gdi32full.dll
0x00007ffb1b8c0000 - 0x00007ffb1bbf6000 	C:\WINDOWS\System32\combase.dll
0x00007ffb1a200000 - 0x00007ffb1a29e000 	C:\WINDOWS\System32\msvcp_win.dll
0x00007ffb1c980000 - 0x00007ffb1ca9f000 	C:\WINDOWS\System32\RPCRT4.dll
0x00007ffb1ae70000 - 0x00007ffb1aef1000 	C:\WINDOWS\System32\bcryptPrimitives.dll
0x00007ffb1cf20000 - 0x00007ffb1cf4e000 	C:\WINDOWS\System32\IMM32.DLL
0x00007ffaeb350000 - 0x00007ffaeb3eb000 	C:\Program Files\Amazon Corretto\jdk11.0.14_10\bin\msvcp140.dll
0x00007ffadf9b0000 - 0x00007ffae0533000 	C:\Program Files\Amazon Corretto\jdk11.0.14_10\bin\server\jvm.dll
0x00007ffb1d0b0000 - 0x00007ffb1d153000 	C:\WINDOWS\System32\ADVAPI32.dll
0x00007ffb1bc30000 - 0x00007ffb1bcc7000 	C:\WINDOWS\System32\sechost.dll
0x00007ffb1c1b0000 - 0x00007ffb1c1b8000 	C:\WINDOWS\System32\PSAPI.DLL
0x00007ffb16d60000 - 0x00007ffb16d69000 	C:\WINDOWS\SYSTEM32\WSOCK32.dll
0x00007ffb16da0000 - 0x00007ffb16dc4000 	C:\WINDOWS\SYSTEM32\WINMM.dll
0x00007ffb11090000 - 0x00007ffb1109a000 	C:\WINDOWS\SYSTEM32\VERSION.dll
0x00007ffb1cd00000 - 0x00007ffb1cd6f000 	C:\WINDOWS\System32\WS2_32.dll
0x00007ffb16d70000 - 0x00007ffb16d9d000 	C:\WINDOWS\SYSTEM32\winmmbase.dll
0x00007ffb1adf0000 - 0x00007ffb1ae3a000 	C:\WINDOWS\System32\cfgmgr32.dll
0x00007ffb1a190000 - 0x00007ffb1a1a1000 	C:\WINDOWS\System32\kernel.appcore.dll
0x00007ffb0a5b0000 - 0x00007ffb0a5c0000 	C:\Program Files\Amazon Corretto\jdk11.0.14_10\bin\verify.dll
0x00007ffb08280000 - 0x00007ffb08474000 	C:\WINDOWS\SYSTEM32\DBGHELP.DLL
0x00007ffb07fe0000 - 0x00007ffb0800a000 	C:\WINDOWS\SYSTEM32\dbgcore.DLL
0x00007ffafa920000 - 0x00007ffafa948000 	C:\Program Files\Amazon Corretto\jdk11.0.14_10\bin\java.dll
0x00007ffb0a520000 - 0x00007ffb0a52a000 	C:\Program Files\Amazon Corretto\jdk11.0.14_10\bin\jimage.dll
0x00007ffafad50000 - 0x00007ffafad68000 	C:\Program Files\Amazon Corretto\jdk11.0.14_10\bin\zip.dll
0x00007ffb1c290000 - 0x00007ffb1c977000 	C:\WINDOWS\System32\SHELL32.dll
0x00007ffb1cc50000 - 0x00007ffb1ccf8000 	C:\WINDOWS\System32\shcore.dll
0x00007ffb1a670000 - 0x00007ffb1adeb000 	C:\WINDOWS\System32\windows.storage.dll
0x00007ffb1a170000 - 0x00007ffb1a18e000 	C:\WINDOWS\System32\profapi.dll
0x00007ffb1a120000 - 0x00007ffb1a16a000 	C:\WINDOWS\System32\powrprof.dll
0x00007ffb1a110000 - 0x00007ffb1a120000 	C:\WINDOWS\System32\UMPDC.dll
0x00007ffb1d1c0000 - 0x00007ffb1d212000 	C:\WINDOWS\System32\shlwapi.dll
0x00007ffb1a650000 - 0x00007ffb1a667000 	C:\WINDOWS\System32\cryptsp.dll
0x00007ffaf6a10000 - 0x00007ffaf6a29000 	C:\Program Files\Amazon Corretto\jdk11.0.14_10\bin\net.dll
0x00007ffb0d200000 - 0x00007ffb0d2fa000 	C:\WINDOWS\SYSTEM32\WINHTTP.dll
0x00007ffb19950000 - 0x00007ffb199b7000 	C:\WINDOWS\system32\mswsock.dll
0x00007ffaf1280000 - 0x00007ffaf1293000 	C:\Program Files\Amazon Corretto\jdk11.0.14_10\bin\nio.dll
0x00007ffb09f90000 - 0x00007ffb09f99000 	C:\Program Files\Amazon Corretto\jdk11.0.14_10\bin\management.dll
0x00007ffb08dd0000 - 0x00007ffb08ddb000 	C:\Program Files\Amazon Corretto\jdk11.0.14_10\bin\management_ext.dll
0x00007ffb045f0000 - 0x00007ffb04606000 	C:\WINDOWS\system32\napinsp.dll
0x00007ffb04530000 - 0x00007ffb0454a000 	C:\WINDOWS\system32\pnrpnsp.dll
0x00007ffb196a0000 - 0x00007ffb1976b000 	C:\WINDOWS\SYSTEM32\DNSAPI.dll
0x00007ffb1bc00000 - 0x00007ffb1bc08000 	C:\WINDOWS\System32\NSI.dll
0x00007ffb19660000 - 0x00007ffb1969a000 	C:\WINDOWS\SYSTEM32\IPHLPAPI.DLL
0x00007ffb06040000 - 0x00007ffb0604e000 	C:\WINDOWS\System32\winrnr.dll
0x00007ffb16b50000 - 0x00007ffb16b6c000 	C:\WINDOWS\system32\NLAapi.dll
0x00007ffb04510000 - 0x00007ffb04525000 	C:\WINDOWS\system32\wshbth.dll
0x00007ffb0b360000 - 0x00007ffb0b36a000 	C:\Windows\System32\rasadhlp.dll
0x00007ffb111a0000 - 0x00007ffb11217000 	C:\WINDOWS\System32\fwpuclnt.dll
0x00007ffb1a1d0000 - 0x00007ffb1a1f6000 	C:\WINDOWS\System32\bcrypt.dll
0x00007ffb194d0000 - 0x00007ffb19503000 	C:\WINDOWS\system32\rsaenh.dll
0x00007ffb1a000000 - 0x00007ffb1a025000 	C:\WINDOWS\SYSTEM32\USERENV.dll
0x00007ffb19b20000 - 0x00007ffb19b2c000 	C:\WINDOWS\SYSTEM32\CRYPTBASE.dll
0x00007ffb100d0000 - 0x00007ffb100e6000 	C:\WINDOWS\SYSTEM32\dhcpcsvc6.DLL
0x00007ffb12050000 - 0x00007ffb1206c000 	C:\WINDOWS\SYSTEM32\dhcpcsvc.DLL
0x00007ffb0b6b0000 - 0x00007ffb0b6be000 	C:\Program Files\Amazon Corretto\jdk11.0.14_10\bin\sunmscapi.dll
0x00007ffb1af00000 - 0x00007ffb1b051000 	C:\WINDOWS\System32\CRYPT32.dll
0x00007ffb1a1b0000 - 0x00007ffb1a1c2000 	C:\WINDOWS\System32\MSASN1.dll
0x00007ffb19c30000 - 0x00007ffb19c56000 	C:\WINDOWS\SYSTEM32\ncrypt.dll
0x00007ffb19bf0000 - 0x00007ffb19c2b000 	C:\WINDOWS\SYSTEM32\NTASN1.dll
0x00007ffaf1250000 - 0x00007ffaf1275000 	C:\Program Files\Amazon Corretto\jdk11.0.14_10\bin\sunec.dll

dbghelp: loaded successfully - version: 4.0.5 - missing functions: none
symbol engine: initialized successfully - sym options: 0x614 - pdb path: .;C:\Program Files\Amazon Corretto\jdk11.0.14_10\bin;C:\WINDOWS\SYSTEM32;C:\WINDOWS\WinSxS\amd64_microsoft.windows.common-controls_6595b64144ccf1df_6.0.18362.1556_none_9e7e372fe45e41d5;C:\Program Files\Amazon Corretto\jdk11.0.14_10\bin\server

VM Arguments:
jvm_args: -Xverify:none -XX:TieredStopAtLevel=1 
java_command: co.com.donraul.app.AppApplication
java_class_path (initial): C:\Sofka\SofkaU\Workspace\reto-ferreteria-don-raul\backend\app\target\classes;C:\Users\Santiago\.m2\repository\org\springframework\boot\spring-boot\2.6.5\spring-boot-2.6.5.jar;C:\Users\Santiago\.m2\repository\org\springframework\boot\spring-boot-autoconfigure\2.6.5\spring-boot-autoconfigure-2.6.5.jar;C:\Users\Santiago\.m2\repository\ch\qos\logback\logback-classic\1.2.11\logback-classic-1.2.11.jar;C:\Users\Santiago\.m2\repository\ch\qos\logback\logback-core\1.2.11\logback-core-1.2.11.jar;C:\Users\Santiago\.m2\repository\org\apache\logging\log4j\log4j-to-slf4j\2.17.2\log4j-to-slf4j-2.17.2.jar;C:\Users\Santiago\.m2\repository\org\apache\logging\log4j\log4j-api\2.17.2\log4j-api-2.17.2.jar;C:\Users\Santiago\.m2\repository\org\slf4j\jul-to-slf4j\1.7.36\jul-to-slf4j-1.7.36.jar;C:\Users\Santiago\.m2\repository\org\yaml\snakeyaml\1.29\snakeyaml-1.29.jar;C:\Users\Santiago\.m2\repository\io\projectreactor\reactor-core\3.4.16\reactor-core-3.4.16.jar;C:\Users\Santiago\.m2\repository\org\reactivestreams\reactive-streams\1.0.3\reactive-streams-1.0.3.jar;C:\Users\Santiago\.m2\repository\org\mongodb\mongodb-driver-reactivestreams\4.4.2\mongodb-driver-reactivestreams-4.4.2.jar;C:\Users\Santiago\.m2\repository\org\mongodb\bson\4.4.2\bson-4.4.2.jar;C:\Users\Santiago\.m2\repository\org\mongodb\mongodb-driver-core\4.4.2\mongodb-driver-core-4.4.2.jar;C:\Users\Santiago\.m2\repository\org\springframework\data\spring-data-mongodb\3.3.3\spring-data-mongodb-3.3.3.jar;C:\Users\Santiago\.m2\repository\org\springframework\spring-tx\5.3.17\spring-tx-5.3.17.jar;C:\Users\Santiago\.m2\repository\org\springframework\spring-context\5.3.17\spring-context-5.3.17.jar;C:\Users\Santiago\.m2\repository\org\springframework\spring-beans\5.3.17\spring-beans-5.3.17.jar;C:\Users\Santiago\.m2\repository\org\springframework\spring-expression\5.3.17\spring-expression-5.3.17.jar;C:\Users\Santiago\.m2\repository\org\springframework\data\spring-data-commons\2.6.3\spring-data-commons-2.6.3.j
Launcher Type: SUN_STANDARD

[Global flags]
     bool BytecodeVerificationLocal                = false                                     {product} {command line}
     bool BytecodeVerificationRemote               = false                                     {product} {command line}
     intx CICompilerCount                          = 4                                         {product} {ergonomic}
     uint ConcGCThreads                            = 2                                         {product} {ergonomic}
     uint G1ConcRefinementThreads                  = 8                                         {product} {ergonomic}
   size_t G1HeapRegionSize                         = 1048576                                   {product} {ergonomic}
    uintx GCDrainStackTargetSize                   = 64                                        {product} {ergonomic}
   size_t InitialHeapSize                          = 134217728                                 {product} {ergonomic}
   size_t MarkStackSize                            = 4194304                                   {product} {ergonomic}
   size_t MaxHeapSize                              = 2126512128                                {product} {ergonomic}
   size_t MaxNewSize                               = 1275068416                                {product} {ergonomic}
   size_t MinHeapDeltaBytes                        = 1048576                                   {product} {ergonomic}
    uintx NonNMethodCodeHeapSize                   = 7549744                                {pd product} {ergonomic}
    uintx NonProfiledCodeHeapSize                  = 244108496                              {pd product} {ergonomic}
    uintx ProfiledCodeHeapSize                     = 0                                      {pd product} {ergonomic}
    uintx ReservedCodeCacheSize                    = 251658240                              {pd product} {ergonomic}
     bool SegmentedCodeCache                       = true                                      {product} {ergonomic}
     intx TieredStopAtLevel                        = 1                                         {product} {command line}
     bool UseCompressedClassPointers               = true                                 {lp64_product} {ergonomic}
     bool UseCompressedOops                        = true                                 {lp64_product} {ergonomic}
     bool UseG1GC                                  = true                                      {product} {ergonomic}
     bool UseLargePagesIndividualAllocation        = false                                  {pd product} {ergonomic}

Logging:
Log output configuration:
 #0: stdout all=warning uptime,level,tags
 #1: stderr all=off uptime,level,tags

Environment Variables:
JAVA_HOME=C:\Program Files\Amazon Corretto\jdk11.0.14_10
PATH=C:\Python310\Scripts\;C:\Python310\;C:\Program Files\Amazon Corretto\jdk11.0.14_10\bin;C:\Python38\Scripts\;C:\Python38\;C:\WINDOWS\system32;C:\WINDOWS;C:\WINDOWS\System32\Wbem;C:\WINDOWS\System32\WindowsPowerShell\v1.0\;C:\WINDOWS\System32\OpenSSH\;C:\Users\Santiago\AppData\Local\Microsoft\WindowsApps;C:\adb;C:\ProgramData\chocolatey\bin;C:\Program Files (x86)\dotnet\;C:\Program Files\Git\cmd;C:\Program Files\dotnet\;C:\Program Files\nodejs\;C:\Users\Santiago\AppData\Local\Microsoft\WindowsApps;C:\Users\Santiago\AppData\Local\Programs\Microsoft VS Code\bin;C:\apache-maven-3.8.5\bin;C:\Users\Santiago\AppData\Roaming\npm
USERNAME=Santiago
OS=Windows_NT
PROCESSOR_IDENTIFIER=Intel64 Family 6 Model 60 Stepping 3, GenuineIntel



---------------  S Y S T E M  ---------------

OS: Windows 10 , 64 bit Build 18362 (10.0.18362.1500)
OS uptime: 0 days 15:00 hours

CPU:total 8 (initial active 8) (4 cores per cpu, 2 threads per core) family 6 model 60 stepping 3 microcode 0x28, cmov, cx8, fxsr, mmx, sse, sse2, sse3, ssse3, sse4.1, sse4.2, popcnt, avx, avx2, aes, clmul, erms, lzcnt, ht, tsc, tscinvbit, bmi1, bmi2, fma

Memory: 4k page, system-wide physical 8104M (864M free)
TotalPageFile size 10013M (AvailPageFile size 12M)
current process WorkingSet (physical memory assigned to process): 170M, peak: 170M
current process commit charge ("private bytes"): 251M, peak: 277M

vm_info: OpenJDK 64-Bit Server VM (11.0.14.1+10-LTS) for windows-amd64 JRE (11.0.14.1+10-LTS), built on Feb  8 2022 00:13:20 by "Administrator" with unknown MS VC++:1916

END.
