#
# There is insufficient memory for the Java Runtime Environment to continue.
# Native memory allocation (mmap) failed to map 17825792 bytes for Failed to commit area from 0x0000000093600000 to 0x0000000094700000 of length 17825792.
# Possible reasons:
#   The system is out of physical RAM or swap space
#   The process is running with CompressedOops enabled, and the Java Heap may be blocking the growth of the native heap
# Possible solutions:
#   Reduce memory load on the system
#   Increase physical memory or swap space
#   Check if swap backing store is full
#   Decrease Java heap size (-Xmx/-Xms)
#   Decrease number of Java threads
#   Decrease Java thread stack sizes (-Xss)
#   Set larger code cache with -XX:ReservedCodeCacheSize=
#   JVM is running with Unscaled Compressed Oops mode in which the Java heap is
#     placed in the first 4GB address space. The Java Heap base address is the
#     maximum limit for the native heap growth. Please use -XX:HeapBaseMinAddress
#     to set the Java Heap base and to place the Java Heap above 4GB virtual address.
# This output file may be truncated or incomplete.
#
#  Out of Memory Error (./src/hotspot/os/windows/os_windows.cpp:3387), pid=15644, tid=4012
#
# JRE version: OpenJDK Runtime Environment Corretto-11.0.14.10.1 (11.0.14.1+10) (build 11.0.14.1+10-LTS)
# Java VM: OpenJDK 64-Bit Server VM Corretto-11.0.14.10.1 (11.0.14.1+10-LTS, mixed mode, tiered, compressed oops, g1 gc, windows-amd64)
# No core dump will be written. Minidumps are not enabled by default on client versions of Windows
#

---------------  S U M M A R Y ------------

Command Line: -Xverify:none -XX:TieredStopAtLevel=1 co.com.donraul.app.AppApplication

Host: Intel(R) Core(TM) i7-4702MQ CPU @ 2.20GHz, 8 cores, 7G,  Windows 10 , 64 bit Build 18362 (10.0.18362.1500)
Time: Fri Apr  1 17:15:05 2022 Hora est. Pacífico, Sudamérica elapsed time: 13.747896 seconds (0d 0h 0m 13s)

---------------  T H R E A D  ---------------

Current thread (0x0000020ac9801000):  JavaThread "nioEventLoopGroup-3-2" [_thread_in_vm, id=4012, stack(0x000000633b500000,0x000000633b600000)]

Stack: [0x000000633b500000,0x000000633b600000]
Native frames: (J=compiled Java code, j=interpreted, Vv=VM code, C=native code)
V  [jvm.dll+0x61e62a]
V  [jvm.dll+0x7ab569]
V  [jvm.dll+0x7acc58]
V  [jvm.dll+0x7ad333]
V  [jvm.dll+0x24f7f8]
V  [jvm.dll+0x61b8ca]
V  [jvm.dll+0x610155]
V  [jvm.dll+0x30756c]
V  [jvm.dll+0x3073f2]
V  [jvm.dll+0x30c116]
V  [jvm.dll+0x3527bf]
V  [jvm.dll+0x3521f0]
V  [jvm.dll+0x2e4dac]
V  [jvm.dll+0x2e0c22]
V  [jvm.dll+0x5b2ff2]
V  [jvm.dll+0x5b2b1a]
V  [jvm.dll+0x1f654d]
V  [jvm.dll+0x783afb]
V  [jvm.dll+0x375c0f]
C  0x0000020ab011de37

Java frames: (J=compiled Java code, j=interpreted, Vv=VM code)
j  io.netty.util.internal.PlatformDependent.allocateUninitializedArray(I)[B+14
j  io.netty.buffer.PoolArena$HeapArena.newByteArray(I)[B+1
j  io.netty.buffer.PoolArena$HeapArena.newChunk(IIII)Lio/netty/buffer/PoolChunk;+8
j  io.netty.buffer.PoolArena.allocateNormal(Lio/netty/buffer/PooledByteBuf;IILio/netty/buffer/PoolThreadCache;)V+93
j  io.netty.buffer.PoolArena.tcacheAllocateSmall(Lio/netty/buffer/PoolThreadCache;Lio/netty/buffer/PooledByteBuf;II)V+162
j  io.netty.buffer.PoolArena.allocate(Lio/netty/buffer/PoolThreadCache;Lio/netty/buffer/PooledByteBuf;I)V+22
j  io.netty.buffer.PoolArena.allocate(Lio/netty/buffer/PoolThreadCache;II)Lio/netty/buffer/PooledByteBuf;+12
j  io.netty.buffer.PooledByteBufAllocator.newHeapBuffer(II)Lio/netty/buffer/ByteBuf;+27
j  io.netty.buffer.AbstractByteBufAllocator.heapBuffer(II)Lio/netty/buffer/ByteBuf;+21
j  io.netty.buffer.AbstractByteBufAllocator.heapBuffer(I)Lio/netty/buffer/ByteBuf;+4
j  io.netty.handler.ssl.SslHandler$SslEngineType$3.allocateWrapBuffer(Lio/netty/handler/ssl/SslHandler;Lio/netty/buffer/ByteBufAllocator;II)Lio/netty/buffer/ByteBuf;+13
j  io.netty.handler.ssl.SslHandler.allocateOutNetBuf(Lio/netty/channel/ChannelHandlerContext;II)Lio/netty/buffer/ByteBuf;+13
j  io.netty.handler.ssl.SslHandler.wrapNonAppData(Lio/netty/channel/ChannelHandlerContext;Z)Z+29
j  io.netty.handler.ssl.SslHandler.handshake(Z)V+42
j  io.netty.handler.ssl.SslHandler.startHandshakeProcessing(Z)V+27
j  io.netty.handler.ssl.SslHandler.channelActive(Lio/netty/channel/ChannelHandlerContext;)V+9
j  io.netty.channel.AbstractChannelHandlerContext.invokeChannelActive()V+15
j  io.netty.channel.AbstractChannelHandlerContext.invokeChannelActive(Lio/netty/channel/AbstractChannelHandlerContext;)V+15
j  io.netty.channel.AbstractChannelHandlerContext.fireChannelActive()Lio/netty/channel/ChannelHandlerContext;+6
j  io.netty.channel.DefaultChannelPipeline$HeadContext.channelActive(Lio/netty/channel/ChannelHandlerContext;)V+1
j  io.netty.channel.AbstractChannelHandlerContext.invokeChannelActive()V+15
j  io.netty.channel.AbstractChannelHandlerContext.invokeChannelActive(Lio/netty/channel/AbstractChannelHandlerContext;)V+15
j  io.netty.channel.DefaultChannelPipeline.fireChannelActive()Lio/netty/channel/ChannelPipeline;+4
j  io.netty.channel.nio.AbstractNioChannel$AbstractNioUnsafe.fulfillConnectPromise(Lio/netty/channel/ChannelPromise;Z)V+36
j  io.netty.channel.nio.AbstractNioChannel$AbstractNioUnsafe.finishConnect()V+51
j  io.netty.channel.nio.NioEventLoop.processSelectedKey(Ljava/nio/channels/SelectionKey;Lio/netty/channel/nio/AbstractNioChannel;)V+78
j  io.netty.channel.nio.NioEventLoop.processSelectedKeysOptimized()V+51
j  io.netty.channel.nio.NioEventLoop.processSelectedKeys()V+8
j  io.netty.channel.nio.NioEventLoop.run()V+263
j  io.netty.util.concurrent.SingleThreadEventExecutor$4.run()V+44
j  io.netty.util.internal.ThreadExecutorMap$2.run()V+11
j  io.netty.util.concurrent.FastThreadLocalRunnable.run()V+4
j  java.lang.Thread.run()V+11 java.base@11.0.14.1
v  ~StubRoutines::call_stub

---------------  P R O C E S S  ---------------

Threads class SMR info:
_java_thread_list=0x0000020ac96bcfe0, length=39, elements={
0x0000020aa79d6800, 0x0000020ac6a04000, 0x0000020ac6a0d000, 0x0000020ac7386800,
0x0000020ac7388800, 0x0000020ac7389800, 0x0000020ac7393800, 0x0000020ac73a4000,
0x0000020ac74d3000, 0x0000020ac9116800, 0x0000020ac799b000, 0x0000020ac7c41000,
0x0000020ac92c0800, 0x0000020ac92c1000, 0x0000020ac93f9800, 0x0000020ac94d4000,
0x0000020ac94e5000, 0x0000020ac9111000, 0x0000020ac79c5000, 0x0000020ac95a3000,
0x0000020ac95a4800, 0x0000020ac95a4000, 0x0000020ac95a2000, 0x0000020ac95a5800,
0x0000020ac95a0800, 0x0000020ac95a0000, 0x0000020ac95a6800, 0x0000020ac95a1800,
0x0000020ac9806000, 0x0000020ac9802000, 0x0000020ac9800000, 0x0000020ac9803800,
0x0000020ac9806800, 0x0000020ac9801000, 0x0000020ac9807800, 0x0000020ac9805000,
0x0000020ac9804000, 0x0000020ac9802800, 0x0000020ac980a000
}

Java Threads: ( => current thread )
  0x0000020aa79d6800 JavaThread "main" [_thread_blocked, id=8796, stack(0x0000006338500000,0x0000006338600000)]
  0x0000020ac6a04000 JavaThread "Reference Handler" daemon [_thread_blocked, id=16672, stack(0x0000006338c00000,0x0000006338d00000)]
  0x0000020ac6a0d000 JavaThread "Finalizer" daemon [_thread_blocked, id=12516, stack(0x0000006338d00000,0x0000006338e00000)]
  0x0000020ac7386800 JavaThread "Signal Dispatcher" daemon [_thread_blocked, id=7860, stack(0x0000006338e00000,0x0000006338f00000)]
  0x0000020ac7388800 JavaThread "Attach Listener" daemon [_thread_blocked, id=940, stack(0x0000006338f00000,0x0000006339000000)]
  0x0000020ac7389800 JavaThread "Service Thread" daemon [_thread_blocked, id=12116, stack(0x0000006339000000,0x0000006339100000)]
  0x0000020ac7393800 JavaThread "C1 CompilerThread0" daemon [_thread_blocked, id=13528, stack(0x0000006339100000,0x0000006339200000)]
  0x0000020ac73a4000 JavaThread "Sweeper thread" daemon [_thread_blocked, id=3976, stack(0x0000006339200000,0x0000006339300000)]
  0x0000020ac74d3000 JavaThread "Common-Cleaner" daemon [_thread_blocked, id=15252, stack(0x0000006339400000,0x0000006339500000)]
  0x0000020ac9116800 JavaThread "Catalina-utility-1" [_thread_blocked, id=14008, stack(0x0000006339900000,0x0000006339a00000)]
  0x0000020ac799b000 JavaThread "Catalina-utility-2" [_thread_blocked, id=10088, stack(0x0000006339a00000,0x0000006339b00000)]
  0x0000020ac7c41000 JavaThread "container-0" [_thread_blocked, id=8892, stack(0x0000006339b00000,0x0000006339c00000)]
  0x0000020ac92c0800 JavaThread "Thread-1" daemon [_thread_in_native, id=14788, stack(0x0000006339c00000,0x0000006339d00000)]
  0x0000020ac92c1000 JavaThread "cluster-ClusterId{value='624779657499d709463b99d0', description='null'}-srv-cluster.bb2r6.mongodb.net" daemon [_thread_blocked, id=1460, stack(0x0000006339d00000,0x0000006339e00000)]
  0x0000020ac93f9800 JavaThread "cluster-ClusterId{value='624779657499d709463b99d0', description='null'}-cluster-shard-00-02.bb2r6.mongodb.net:27017" daemon [_thread_blocked, id=2928, stack(0x000000633a200000,0x000000633a300000)]
  0x0000020ac94d4000 JavaThread "cluster-rtt-ClusterId{value='624779657499d709463b99d0', description='null'}-cluster-shard-00-02.bb2r6.mongodb.net:27017" daemon [_thread_blocked, id=3176, stack(0x000000633a300000,0x000000633a400000)]
  0x0000020ac94e5000 JavaThread "cluster-ClusterId{value='624779657499d709463b99d0', description='null'}-cluster-shard-00-01.bb2r6.mongodb.net:27017" daemon [_thread_blocked, id=15536, stack(0x000000633a400000,0x000000633a500000)]
  0x0000020ac9111000 JavaThread "cluster-rtt-ClusterId{value='624779657499d709463b99d0', description='null'}-cluster-shard-00-01.bb2r6.mongodb.net:27017" daemon [_thread_blocked, id=16588, stack(0x000000633a500000,0x000000633a600000)]
  0x0000020ac79c5000 JavaThread "cluster-ClusterId{value='624779657499d709463b99d0', description='null'}-cluster-shard-00-00.bb2r6.mongodb.net:27017" daemon [_thread_blocked, id=15188, stack(0x000000633a600000,0x000000633a700000)]
  0x0000020ac95a3000 JavaThread "cluster-rtt-ClusterId{value='624779657499d709463b99d0', description='null'}-cluster-shard-00-00.bb2r6.mongodb.net:27017" daemon [_thread_blocked, id=7728, stack(0x000000633a700000,0x000000633a800000)]
  0x0000020ac95a4800 JavaThread "cluster-ClusterId{value='624779667499d709463b99d1', description='null'}-srv-cluster.bb2r6.mongodb.net" daemon [_thread_blocked, id=13488, stack(0x000000633a800000,0x000000633a900000)]
  0x0000020ac95a4000 JavaThread "cluster-ClusterId{value='624779667499d709463b99d1', description='null'}-cluster-shard-00-02.bb2r6.mongodb.net:27017" daemon [_thread_blocked, id=17188, stack(0x000000633a900000,0x000000633aa00000)]
  0x0000020ac95a2000 JavaThread "cluster-rtt-ClusterId{value='624779667499d709463b99d1', description='null'}-cluster-shard-00-02.bb2r6.mongodb.net:27017" daemon [_thread_blocked, id=6808, stack(0x000000633aa00000,0x000000633ab00000)]
  0x0000020ac95a5800 JavaThread "cluster-ClusterId{value='624779667499d709463b99d1', description='null'}-cluster-shard-00-01.bb2r6.mongodb.net:27017" daemon [_thread_blocked, id=14868, stack(0x000000633ab00000,0x000000633ac00000)]
  0x0000020ac95a0800 JavaThread "cluster-rtt-ClusterId{value='624779667499d709463b99d1', description='null'}-cluster-shard-00-01.bb2r6.mongodb.net:27017" daemon [_thread_blocked, id=3160, stack(0x000000633ac00000,0x000000633ad00000)]
  0x0000020ac95a0000 JavaThread "cluster-ClusterId{value='624779667499d709463b99d1', description='null'}-cluster-shard-00-00.bb2r6.mongodb.net:27017" daemon [_thread_blocked, id=17028, stack(0x000000633ad00000,0x000000633ae00000)]
  0x0000020ac95a6800 JavaThread "cluster-rtt-ClusterId{value='624779667499d709463b99d1', description='null'}-cluster-shard-00-00.bb2r6.mongodb.net:27017" daemon [_thread_blocked, id=15616, stack(0x000000633ae00000,0x000000633af00000)]
  0x0000020ac95a1800 JavaThread "nioEventLoopGroup-2-6" [_thread_blocked, id=14296, stack(0x000000633af00000,0x000000633b000000)]
  0x0000020ac9806000 JavaThread "nioEventLoopGroup-3-3" [_thread_blocked, id=7024, stack(0x000000633b000000,0x000000633b100000)]
  0x0000020ac9802000 JavaThread "nioEventLoopGroup-2-2" [_thread_blocked, id=1980, stack(0x000000633b100000,0x000000633b200000)]
  0x0000020ac9800000 JavaThread "nioEventLoopGroup-3-1" [_thread_blocked, id=6616, stack(0x000000633b200000,0x000000633b300000)]
  0x0000020ac9803800 JavaThread "nioEventLoopGroup-2-3" [_thread_blocked, id=10728, stack(0x000000633b300000,0x000000633b400000)]
  0x0000020ac9806800 JavaThread "nioEventLoopGroup-2-4" [_thread_blocked, id=15224, stack(0x000000633b400000,0x000000633b500000)]
=>0x0000020ac9801000 JavaThread "nioEventLoopGroup-3-2" [_thread_in_vm, id=4012, stack(0x000000633b500000,0x000000633b600000)]
  0x0000020ac9807800 JavaThread "nioEventLoopGroup-3-6" [_thread_blocked, id=15876, stack(0x000000633b600000,0x000000633b700000)]
  0x0000020ac9805000 JavaThread "nioEventLoopGroup-3-5" [_thread_blocked, id=15300, stack(0x000000633b700000,0x000000633b800000)]
  0x0000020ac9804000 JavaThread "nioEventLoopGroup-3-4" [_thread_blocked, id=380, stack(0x000000633b800000,0x000000633b900000)]
  0x0000020ac9802800 JavaThread "nioEventLoopGroup-2-5" [_thread_blocked, id=3420, stack(0x000000633b900000,0x000000633ba00000)]
  0x0000020ac980a000 JavaThread "nioEventLoopGroup-2-1" [_thread_blocked, id=10776, stack(0x000000633ba00000,0x000000633bb00000)]

Other Threads:
  0x0000020ac69e1800 VMThread "VM Thread" [stack: 0x0000006338b00000,0x0000006338c00000] [id=5740]
  0x0000020ac74d2800 WatcherThread [stack: 0x0000006339300000,0x0000006339400000] [id=10416]
  0x0000020aa79ef000 GCTaskThread "GC Thread#0" [stack: 0x0000006338600000,0x0000006338700000] [id=16752]
  0x0000020ac7dae000 GCTaskThread "GC Thread#1" [stack: 0x0000006339500000,0x0000006339600000] [id=1900]
  0x0000020ac7ddf000 GCTaskThread "GC Thread#2" [stack: 0x0000006339600000,0x0000006339700000] [id=9512]
  0x0000020ac8a1f800 GCTaskThread "GC Thread#3" [stack: 0x0000006339800000,0x0000006339900000] [id=4036]
  0x0000020ac92c2000 GCTaskThread "GC Thread#4" [stack: 0x0000006339e00000,0x0000006339f00000] [id=16352]
  0x0000020ac945e000 GCTaskThread "GC Thread#5" [stack: 0x0000006339f00000,0x000000633a000000] [id=9600]
  0x0000020ac93a1800 GCTaskThread "GC Thread#6" [stack: 0x000000633a000000,0x000000633a100000] [id=16288]
  0x0000020ac93a2000 GCTaskThread "GC Thread#7" [stack: 0x000000633a100000,0x000000633a200000] [id=13464]
  0x0000020aa7a1f800 ConcurrentGCThread "G1 Main Marker" [stack: 0x0000006338700000,0x0000006338800000] [id=16852]
  0x0000020aa7a23000 ConcurrentGCThread "G1 Conc#0" [stack: 0x0000006338800000,0x0000006338900000] [id=15528]
  0x0000020ac8ab1000 ConcurrentGCThread "G1 Conc#1" [stack: 0x0000006339700000,0x0000006339800000] [id=7476]
  0x0000020ac684a800 ConcurrentGCThread "G1 Refine#0" [stack: 0x0000006338900000,0x0000006338a00000] [id=5736]
  0x0000020ac684c800 ConcurrentGCThread "G1 Young RemSet Sampling" [stack: 0x0000006338a00000,0x0000006338b00000] [id=10732]

Threads with active compile tasks:

VM state:not at safepoint (normal execution)

VM Mutex/Monitor currently owned by a thread:  ([mutex/lock_event])
[0x0000020aa79d3a80] Heap_lock - owner thread: 0x0000020ac9801000

Heap address: 0x0000000081400000, size: 2028 MB, Compressed Oops mode: 32-bit
Narrow klass base: 0x0000000000000000, Narrow klass shift: 3
Compressed class space size: 1073741824 Address: 0x0000000100000000

Heap:
 garbage-first heap   total 314368K, used 261622K [0x0000000081400000, 0x0000000100000000)
  region size 1024K, 80 young (81920K), 9 survivors (9216K)
 Metaspace       used 44899K, capacity 46461K, committed 46716K, reserved 1089536K
  class space    used 5551K, capacity 6181K, committed 6268K, reserved 1048576K
Heap Regions: E=young(eden), S=young(survivor), O=old, HS=humongous(starts), HC=humongous(continues), CS=collection set, F=free, A=archive, TAMS=top-at-mark-start (previous, next)
|   0|0x0000000081400000, 0x0000000081500000, 0x0000000081500000|100%| O|  |TAMS 0x0000000081500000, 0x0000000081400000| Untracked 
|   1|0x0000000081500000, 0x0000000081600000, 0x0000000081600000|100%| O|  |TAMS 0x0000000081600000, 0x0000000081500000| Untracked 
|   2|0x0000000081600000, 0x0000000081700000, 0x0000000081700000|100%| O|  |TAMS 0x0000000081700000, 0x0000000081600000| Untracked 
|   3|0x0000000081700000, 0x0000000081800000, 0x0000000081800000|100%| O|  |TAMS 0x0000000081800000, 0x0000000081700000| Untracked 
|   4|0x0000000081800000, 0x0000000081900000, 0x0000000081900000|100%| O|  |TAMS 0x0000000081900000, 0x0000000081800000| Untracked 
|   5|0x0000000081900000, 0x0000000081a00000, 0x0000000081a00000|100%| O|  |TAMS 0x0000000081a00000, 0x0000000081900000| Untracked 
|   6|0x0000000081a00000, 0x0000000081b00000, 0x0000000081b00000|100%| O|  |TAMS 0x0000000081b00000, 0x0000000081a00000| Untracked 
|   7|0x0000000081b00000, 0x0000000081b4b200, 0x0000000081c00000| 29%| O|  |TAMS 0x0000000081b4b200, 0x0000000081b00000| Untracked 
|   8|0x0000000081c00000, 0x0000000081d00000, 0x0000000081d00000|100%|HS|  |TAMS 0x0000000081c00000, 0x0000000081c00000| Complete 
|   9|0x0000000081d00000, 0x0000000081e00000, 0x0000000081e00000|100%|HC|  |TAMS 0x0000000081d00000, 0x0000000081d00000| Complete 
|  10|0x0000000081e00000, 0x0000000081f00000, 0x0000000081f00000|100%|HC|  |TAMS 0x0000000081e00000, 0x0000000081e00000| Complete 
|  11|0x0000000081f00000, 0x0000000082000000, 0x0000000082000000|100%|HC|  |TAMS 0x0000000081f00000, 0x0000000081f00000| Complete 
|  12|0x0000000082000000, 0x0000000082100000, 0x0000000082100000|100%|HC|  |TAMS 0x0000000082000000, 0x0000000082000000| Complete 
|  13|0x0000000082100000, 0x0000000082200000, 0x0000000082200000|100%|HC|  |TAMS 0x0000000082100000, 0x0000000082100000| Complete 
|  14|0x0000000082200000, 0x0000000082300000, 0x0000000082300000|100%|HC|  |TAMS 0x0000000082200000, 0x0000000082200000| Complete 
|  15|0x0000000082300000, 0x0000000082400000, 0x0000000082400000|100%|HC|  |TAMS 0x0000000082300000, 0x0000000082300000| Complete 
|  16|0x0000000082400000, 0x0000000082500000, 0x0000000082500000|100%|HC|  |TAMS 0x0000000082400000, 0x0000000082400000| Complete 
|  17|0x0000000082500000, 0x0000000082600000, 0x0000000082600000|100%|HC|  |TAMS 0x0000000082500000, 0x0000000082500000| Complete 
|  18|0x0000000082600000, 0x0000000082700000, 0x0000000082700000|100%|HC|  |TAMS 0x0000000082600000, 0x0000000082600000| Complete 
|  19|0x0000000082700000, 0x0000000082800000, 0x0000000082800000|100%|HC|  |TAMS 0x0000000082700000, 0x0000000082700000| Complete 
|  20|0x0000000082800000, 0x0000000082900000, 0x0000000082900000|100%|HC|  |TAMS 0x0000000082800000, 0x0000000082800000| Complete 
|  21|0x0000000082900000, 0x0000000082a00000, 0x0000000082a00000|100%|HC|  |TAMS 0x0000000082900000, 0x0000000082900000| Complete 
|  22|0x0000000082a00000, 0x0000000082b00000, 0x0000000082b00000|100%|HC|  |TAMS 0x0000000082a00000, 0x0000000082a00000| Complete 
|  23|0x0000000082b00000, 0x0000000082c00000, 0x0000000082c00000|100%|HC|  |TAMS 0x0000000082b00000, 0x0000000082b00000| Complete 
|  24|0x0000000082c00000, 0x0000000082d00000, 0x0000000082d00000|100%|HC|  |TAMS 0x0000000082c00000, 0x0000000082c00000| Complete 
|  25|0x0000000082d00000, 0x0000000082e00000, 0x0000000082e00000|100%|HS|  |TAMS 0x0000000082d00000, 0x0000000082d00000| Complete 
|  26|0x0000000082e00000, 0x0000000082f00000, 0x0000000082f00000|100%|HC|  |TAMS 0x0000000082e00000, 0x0000000082e00000| Complete 
|  27|0x0000000082f00000, 0x0000000083000000, 0x0000000083000000|100%|HC|  |TAMS 0x0000000082f00000, 0x0000000082f00000| Complete 
|  28|0x0000000083000000, 0x0000000083100000, 0x0000000083100000|100%|HC|  |TAMS 0x0000000083000000, 0x0000000083000000| Complete 
|  29|0x0000000083100000, 0x0000000083200000, 0x0000000083200000|100%|HC|  |TAMS 0x0000000083100000, 0x0000000083100000| Complete 
|  30|0x0000000083200000, 0x0000000083300000, 0x0000000083300000|100%|HC|  |TAMS 0x0000000083200000, 0x0000000083200000| Complete 
|  31|0x0000000083300000, 0x0000000083400000, 0x0000000083400000|100%|HC|  |TAMS 0x0000000083300000, 0x0000000083300000| Complete 
|  32|0x0000000083400000, 0x0000000083500000, 0x0000000083500000|100%|HC|  |TAMS 0x0000000083400000, 0x0000000083400000| Complete 
|  33|0x0000000083500000, 0x0000000083600000, 0x0000000083600000|100%|HC|  |TAMS 0x0000000083500000, 0x0000000083500000| Complete 
|  34|0x0000000083600000, 0x0000000083700000, 0x0000000083700000|100%|HC|  |TAMS 0x0000000083600000, 0x0000000083600000| Complete 
|  35|0x0000000083700000, 0x0000000083800000, 0x0000000083800000|100%|HC|  |TAMS 0x0000000083700000, 0x0000000083700000| Complete 
|  36|0x0000000083800000, 0x0000000083900000, 0x0000000083900000|100%|HC|  |TAMS 0x0000000083800000, 0x0000000083800000| Complete 
|  37|0x0000000083900000, 0x0000000083a00000, 0x0000000083a00000|100%|HC|  |TAMS 0x0000000083900000, 0x0000000083900000| Complete 
|  38|0x0000000083a00000, 0x0000000083b00000, 0x0000000083b00000|100%|HC|  |TAMS 0x0000000083a00000, 0x0000000083a00000| Complete 
|  39|0x0000000083b00000, 0x0000000083c00000, 0x0000000083c00000|100%|HC|  |TAMS 0x0000000083b00000, 0x0000000083b00000| Complete 
|  40|0x0000000083c00000, 0x0000000083d00000, 0x0000000083d00000|100%|HC|  |TAMS 0x0000000083c00000, 0x0000000083c00000| Complete 
|  41|0x0000000083d00000, 0x0000000083e00000, 0x0000000083e00000|100%|HC|  |TAMS 0x0000000083d00000, 0x0000000083d00000| Complete 
|  42|0x0000000083e00000, 0x0000000083e00000, 0x0000000083f00000|  0%| F|  |TAMS 0x0000000083e00000, 0x0000000083e00000| Untracked 
|  43|0x0000000083f00000, 0x0000000083f00000, 0x0000000084000000|  0%| F|  |TAMS 0x0000000083f00000, 0x0000000083f00000| Untracked 
|  44|0x0000000084000000, 0x0000000084000000, 0x0000000084100000|  0%| F|  |TAMS 0x0000000084000000, 0x0000000084000000| Untracked 
|  45|0x0000000084100000, 0x0000000084100000, 0x0000000084200000|  0%| F|  |TAMS 0x0000000084100000, 0x0000000084100000| Untracked 
|  46|0x0000000084200000, 0x0000000084200000, 0x0000000084300000|  0%| F|  |TAMS 0x0000000084200000, 0x0000000084200000| Untracked 
|  47|0x0000000084300000, 0x0000000084300000, 0x0000000084400000|  0%| F|  |TAMS 0x0000000084300000, 0x0000000084300000| Untracked 
|  48|0x0000000084400000, 0x0000000084400000, 0x0000000084500000|  0%| F|  |TAMS 0x0000000084400000, 0x0000000084400000| Untracked 
|  49|0x0000000084500000, 0x0000000084500000, 0x0000000084600000|  0%| F|  |TAMS 0x0000000084500000, 0x0000000084500000| Untracked 
|  50|0x0000000084600000, 0x0000000084600000, 0x0000000084700000|  0%| F|  |TAMS 0x0000000084600000, 0x0000000084600000| Untracked 
|  51|0x0000000084700000, 0x0000000084700000, 0x0000000084800000|  0%| F|  |TAMS 0x0000000084700000, 0x0000000084700000| Untracked 
|  52|0x0000000084800000, 0x0000000084800000, 0x0000000084900000|  0%| F|  |TAMS 0x0000000084800000, 0x0000000084800000| Untracked 
|  53|0x0000000084900000, 0x0000000084900000, 0x0000000084a00000|  0%| F|  |TAMS 0x0000000084900000, 0x0000000084900000| Untracked 
|  54|0x0000000084a00000, 0x0000000084a00000, 0x0000000084b00000|  0%| F|  |TAMS 0x0000000084a00000, 0x0000000084a00000| Untracked 
|  55|0x0000000084b00000, 0x0000000084b32910, 0x0000000084c00000| 19%| S|CS|TAMS 0x0000000084b00000, 0x0000000084b00000| Complete 
|  56|0x0000000084c00000, 0x0000000084d00000, 0x0000000084d00000|100%| S|CS|TAMS 0x0000000084c00000, 0x0000000084c00000| Complete 
|  57|0x0000000084d00000, 0x0000000084e00000, 0x0000000084e00000|100%| S|CS|TAMS 0x0000000084d00000, 0x0000000084d00000| Complete 
|  58|0x0000000084e00000, 0x0000000084f00000, 0x0000000084f00000|100%| S|CS|TAMS 0x0000000084e00000, 0x0000000084e00000| Complete 
|  59|0x0000000084f00000, 0x0000000085000000, 0x0000000085000000|100%| S|CS|TAMS 0x0000000084f00000, 0x0000000084f00000| Complete 
|  60|0x0000000085000000, 0x0000000085100000, 0x0000000085100000|100%| S|CS|TAMS 0x0000000085000000, 0x0000000085000000| Complete 
|  61|0x0000000085100000, 0x0000000085200000, 0x0000000085200000|100%| S|CS|TAMS 0x0000000085100000, 0x0000000085100000| Complete 
|  62|0x0000000085200000, 0x0000000085300000, 0x0000000085300000|100%| S|CS|TAMS 0x0000000085200000, 0x0000000085200000| Complete 
|  63|0x0000000085300000, 0x0000000085300000, 0x0000000085400000|  0%| F|  |TAMS 0x0000000085300000, 0x0000000085300000| Untracked 
|  64|0x0000000085400000, 0x0000000085400000, 0x0000000085500000|  0%| F|  |TAMS 0x0000000085400000, 0x0000000085400000| Untracked 
|  65|0x0000000085500000, 0x0000000085500000, 0x0000000085600000|  0%| F|  |TAMS 0x0000000085500000, 0x0000000085500000| Untracked 
|  66|0x0000000085600000, 0x0000000085600000, 0x0000000085700000|  0%| F|  |TAMS 0x0000000085600000, 0x0000000085600000| Untracked 
|  67|0x0000000085700000, 0x0000000085700000, 0x0000000085800000|  0%| F|  |TAMS 0x0000000085700000, 0x0000000085700000| Untracked 
|  68|0x0000000085800000, 0x0000000085900000, 0x0000000085900000|100%| S|CS|TAMS 0x0000000085800000, 0x0000000085800000| Complete 
|  69|0x0000000085900000, 0x0000000085900000, 0x0000000085a00000|  0%| F|  |TAMS 0x0000000085900000, 0x0000000085900000| Untracked 
|  70|0x0000000085a00000, 0x0000000085a00000, 0x0000000085b00000|  0%| F|  |TAMS 0x0000000085a00000, 0x0000000085a00000| Untracked 
|  71|0x0000000085b00000, 0x0000000085b00000, 0x0000000085c00000|  0%| F|  |TAMS 0x0000000085b00000, 0x0000000085b00000| Untracked 
|  72|0x0000000085c00000, 0x0000000085c00000, 0x0000000085d00000|  0%| F|  |TAMS 0x0000000085c00000, 0x0000000085c00000| Untracked 
|  73|0x0000000085d00000, 0x0000000085d00000, 0x0000000085e00000|  0%| F|  |TAMS 0x0000000085d00000, 0x0000000085d00000| Untracked 
|  74|0x0000000085e00000, 0x0000000085e00000, 0x0000000085f00000|  0%| F|  |TAMS 0x0000000085e00000, 0x0000000085e00000| Untracked 
|  75|0x0000000085f00000, 0x0000000085f00000, 0x0000000086000000|  0%| F|  |TAMS 0x0000000085f00000, 0x0000000085f00000| Untracked 
|  76|0x0000000086000000, 0x0000000086000000, 0x0000000086100000|  0%| F|  |TAMS 0x0000000086000000, 0x0000000086000000| Untracked 
|  77|0x0000000086100000, 0x0000000086100000, 0x0000000086200000|  0%| F|  |TAMS 0x0000000086100000, 0x0000000086100000| Untracked 
|  78|0x0000000086200000, 0x0000000086200000, 0x0000000086300000|  0%| F|  |TAMS 0x0000000086200000, 0x0000000086200000| Untracked 
|  79|0x0000000086300000, 0x0000000086300000, 0x0000000086400000|  0%| F|  |TAMS 0x0000000086300000, 0x0000000086300000| Untracked 
|  80|0x0000000086400000, 0x0000000086400000, 0x0000000086500000|  0%| F|  |TAMS 0x0000000086400000, 0x0000000086400000| Untracked 
|  81|0x0000000086500000, 0x0000000086500000, 0x0000000086600000|  0%| F|  |TAMS 0x0000000086500000, 0x0000000086500000| Untracked 
|  82|0x0000000086600000, 0x0000000086600000, 0x0000000086700000|  0%| F|  |TAMS 0x0000000086600000, 0x0000000086600000| Untracked 
|  83|0x0000000086700000, 0x0000000086800000, 0x0000000086800000|100%| E|  |TAMS 0x0000000086700000, 0x0000000086700000| Complete 
|  84|0x0000000086800000, 0x0000000086900000, 0x0000000086900000|100%| E|CS|TAMS 0x0000000086800000, 0x0000000086800000| Complete 
|  85|0x0000000086900000, 0x0000000086a00000, 0x0000000086a00000|100%| E|CS|TAMS 0x0000000086900000, 0x0000000086900000| Complete 
|  86|0x0000000086a00000, 0x0000000086b00000, 0x0000000086b00000|100%| E|CS|TAMS 0x0000000086a00000, 0x0000000086a00000| Complete 
|  87|0x0000000086b00000, 0x0000000086c00000, 0x0000000086c00000|100%| E|CS|TAMS 0x0000000086b00000, 0x0000000086b00000| Complete 
|  88|0x0000000086c00000, 0x0000000086d00000, 0x0000000086d00000|100%| E|CS|TAMS 0x0000000086c00000, 0x0000000086c00000| Complete 
|  89|0x0000000086d00000, 0x0000000086e00000, 0x0000000086e00000|100%| E|CS|TAMS 0x0000000086d00000, 0x0000000086d00000| Complete 
|  90|0x0000000086e00000, 0x0000000086f00000, 0x0000000086f00000|100%| E|CS|TAMS 0x0000000086e00000, 0x0000000086e00000| Complete 
|  91|0x0000000086f00000, 0x0000000087000000, 0x0000000087000000|100%| E|CS|TAMS 0x0000000086f00000, 0x0000000086f00000| Complete 
|  92|0x0000000087000000, 0x0000000087100000, 0x0000000087100000|100%| E|CS|TAMS 0x0000000087000000, 0x0000000087000000| Complete 
|  93|0x0000000087100000, 0x0000000087200000, 0x0000000087200000|100%| E|CS|TAMS 0x0000000087100000, 0x0000000087100000| Complete 
|  94|0x0000000087200000, 0x0000000087300000, 0x0000000087300000|100%| E|CS|TAMS 0x0000000087200000, 0x0000000087200000| Complete 
|  95|0x0000000087300000, 0x0000000087400000, 0x0000000087400000|100%| E|CS|TAMS 0x0000000087300000, 0x0000000087300000| Complete 
|  96|0x0000000087400000, 0x0000000087500000, 0x0000000087500000|100%| E|CS|TAMS 0x0000000087400000, 0x0000000087400000| Complete 
|  97|0x0000000087500000, 0x0000000087600000, 0x0000000087600000|100%| E|CS|TAMS 0x0000000087500000, 0x0000000087500000| Complete 
|  98|0x0000000087600000, 0x0000000087700000, 0x0000000087700000|100%| E|CS|TAMS 0x0000000087600000, 0x0000000087600000| Complete 
|  99|0x0000000087700000, 0x0000000087800000, 0x0000000087800000|100%| E|CS|TAMS 0x0000000087700000, 0x0000000087700000| Complete 
| 100|0x0000000087800000, 0x0000000087900000, 0x0000000087900000|100%| E|CS|TAMS 0x0000000087800000, 0x0000000087800000| Complete 
| 101|0x0000000087900000, 0x0000000087a00000, 0x0000000087a00000|100%| E|CS|TAMS 0x0000000087900000, 0x0000000087900000| Complete 
| 102|0x0000000087a00000, 0x0000000087b00000, 0x0000000087b00000|100%| E|CS|TAMS 0x0000000087a00000, 0x0000000087a00000| Complete 
| 103|0x0000000087b00000, 0x0000000087c00000, 0x0000000087c00000|100%| E|CS|TAMS 0x0000000087b00000, 0x0000000087b00000| Complete 
| 104|0x0000000087c00000, 0x0000000087d00000, 0x0000000087d00000|100%| E|CS|TAMS 0x0000000087c00000, 0x0000000087c00000| Complete 
| 105|0x0000000087d00000, 0x0000000087e00000, 0x0000000087e00000|100%| E|CS|TAMS 0x0000000087d00000, 0x0000000087d00000| Complete 
| 106|0x0000000087e00000, 0x0000000087f00000, 0x0000000087f00000|100%| E|CS|TAMS 0x0000000087e00000, 0x0000000087e00000| Complete 
| 107|0x0000000087f00000, 0x0000000088000000, 0x0000000088000000|100%| E|CS|TAMS 0x0000000087f00000, 0x0000000087f00000| Complete 
| 108|0x0000000088000000, 0x0000000088100000, 0x0000000088100000|100%| E|CS|TAMS 0x0000000088000000, 0x0000000088000000| Complete 
| 109|0x0000000088100000, 0x0000000088200000, 0x0000000088200000|100%| E|CS|TAMS 0x0000000088100000, 0x0000000088100000| Complete 
| 110|0x0000000088200000, 0x0000000088300000, 0x0000000088300000|100%| E|CS|TAMS 0x0000000088200000, 0x0000000088200000| Complete 
| 111|0x0000000088300000, 0x0000000088400000, 0x0000000088400000|100%| E|CS|TAMS 0x0000000088300000, 0x0000000088300000| Complete 
| 112|0x0000000088400000, 0x0000000088500000, 0x0000000088500000|100%| E|CS|TAMS 0x0000000088400000, 0x0000000088400000| Complete 
| 113|0x0000000088500000, 0x0000000088600000, 0x0000000088600000|100%| E|CS|TAMS 0x0000000088500000, 0x0000000088500000| Complete 
| 114|0x0000000088600000, 0x0000000088700000, 0x0000000088700000|100%| E|CS|TAMS 0x0000000088600000, 0x0000000088600000| Complete 
| 115|0x0000000088700000, 0x0000000088800000, 0x0000000088800000|100%| E|CS|TAMS 0x0000000088700000, 0x0000000088700000| Complete 
| 116|0x0000000088800000, 0x0000000088900000, 0x0000000088900000|100%| E|CS|TAMS 0x0000000088800000, 0x0000000088800000| Complete 
| 117|0x0000000088900000, 0x0000000088a00000, 0x0000000088a00000|100%| E|CS|TAMS 0x0000000088900000, 0x0000000088900000| Complete 
| 118|0x0000000088a00000, 0x0000000088b00000, 0x0000000088b00000|100%| E|CS|TAMS 0x0000000088a00000, 0x0000000088a00000| Complete 
| 119|0x0000000088b00000, 0x0000000088c00000, 0x0000000088c00000|100%| E|CS|TAMS 0x0000000088b00000, 0x0000000088b00000| Complete 
| 120|0x0000000088c00000, 0x0000000088d00000, 0x0000000088d00000|100%| E|CS|TAMS 0x0000000088c00000, 0x0000000088c00000| Complete 
| 121|0x0000000088d00000, 0x0000000088e00000, 0x0000000088e00000|100%| E|CS|TAMS 0x0000000088d00000, 0x0000000088d00000| Complete 
| 122|0x0000000088e00000, 0x0000000088f00000, 0x0000000088f00000|100%| E|CS|TAMS 0x0000000088e00000, 0x0000000088e00000| Complete 
| 123|0x0000000088f00000, 0x0000000089000000, 0x0000000089000000|100%| E|CS|TAMS 0x0000000088f00000, 0x0000000088f00000| Complete 
| 124|0x0000000089000000, 0x0000000089100000, 0x0000000089100000|100%| E|CS|TAMS 0x0000000089000000, 0x0000000089000000| Complete 
| 125|0x0000000089100000, 0x0000000089200000, 0x0000000089200000|100%| E|CS|TAMS 0x0000000089100000, 0x0000000089100000| Complete 
| 126|0x0000000089200000, 0x0000000089300000, 0x0000000089300000|100%| E|CS|TAMS 0x0000000089200000, 0x0000000089200000| Complete 
| 127|0x0000000089300000, 0x0000000089400000, 0x0000000089400000|100%| E|CS|TAMS 0x0000000089300000, 0x0000000089300000| Complete 
| 128|0x0000000089400000, 0x0000000089500000, 0x0000000089500000|100%| E|CS|TAMS 0x0000000089400000, 0x0000000089400000| Complete 
| 129|0x0000000089500000, 0x0000000089600000, 0x0000000089600000|100%| E|CS|TAMS 0x0000000089500000, 0x0000000089500000| Complete 
| 130|0x0000000089600000, 0x0000000089700000, 0x0000000089700000|100%| E|CS|TAMS 0x0000000089600000, 0x0000000089600000| Complete 
| 131|0x0000000089700000, 0x0000000089800000, 0x0000000089800000|100%| E|CS|TAMS 0x0000000089700000, 0x0000000089700000| Complete 
| 132|0x0000000089800000, 0x0000000089900000, 0x0000000089900000|100%| E|CS|TAMS 0x0000000089800000, 0x0000000089800000| Complete 
| 133|0x0000000089900000, 0x0000000089a00000, 0x0000000089a00000|100%| E|CS|TAMS 0x0000000089900000, 0x0000000089900000| Complete 
| 134|0x0000000089a00000, 0x0000000089b00000, 0x0000000089b00000|100%| E|CS|TAMS 0x0000000089a00000, 0x0000000089a00000| Complete 
| 135|0x0000000089b00000, 0x0000000089c00000, 0x0000000089c00000|100%| E|CS|TAMS 0x0000000089b00000, 0x0000000089b00000| Complete 
| 136|0x0000000089c00000, 0x0000000089d00000, 0x0000000089d00000|100%| E|CS|TAMS 0x0000000089c00000, 0x0000000089c00000| Complete 
| 137|0x0000000089d00000, 0x0000000089e00000, 0x0000000089e00000|100%| E|CS|TAMS 0x0000000089d00000, 0x0000000089d00000| Complete 
| 138|0x0000000089e00000, 0x0000000089f00000, 0x0000000089f00000|100%| E|CS|TAMS 0x0000000089e00000, 0x0000000089e00000| Complete 
| 139|0x0000000089f00000, 0x000000008a000000, 0x000000008a000000|100%| E|CS|TAMS 0x0000000089f00000, 0x0000000089f00000| Complete 
| 140|0x000000008a000000, 0x000000008a100000, 0x000000008a100000|100%| E|CS|TAMS 0x000000008a000000, 0x000000008a000000| Complete 
| 141|0x000000008a100000, 0x000000008a200000, 0x000000008a200000|100%| E|CS|TAMS 0x000000008a100000, 0x000000008a100000| Complete 
| 142|0x000000008a200000, 0x000000008a300000, 0x000000008a300000|100%| E|CS|TAMS 0x000000008a200000, 0x000000008a200000| Complete 
| 143|0x000000008a300000, 0x000000008a400000, 0x000000008a400000|100%| E|CS|TAMS 0x000000008a300000, 0x000000008a300000| Complete 
| 144|0x000000008a400000, 0x000000008a500000, 0x000000008a500000|100%| E|CS|TAMS 0x000000008a400000, 0x000000008a400000| Complete 
| 145|0x000000008a500000, 0x000000008a600000, 0x000000008a600000|100%| E|CS|TAMS 0x000000008a500000, 0x000000008a500000| Complete 
| 146|0x000000008a600000, 0x000000008a700000, 0x000000008a700000|100%| E|CS|TAMS 0x000000008a600000, 0x000000008a600000| Complete 
| 147|0x000000008a700000, 0x000000008a800000, 0x000000008a800000|100%| E|CS|TAMS 0x000000008a700000, 0x000000008a700000| Complete 
| 148|0x000000008a800000, 0x000000008a900000, 0x000000008a900000|100%| E|CS|TAMS 0x000000008a800000, 0x000000008a800000| Complete 
| 149|0x000000008a900000, 0x000000008aa00000, 0x000000008aa00000|100%| E|CS|TAMS 0x000000008a900000, 0x000000008a900000| Complete 
| 150|0x000000008aa00000, 0x000000008ab00000, 0x000000008ab00000|100%| E|CS|TAMS 0x000000008aa00000, 0x000000008aa00000| Complete 
| 151|0x000000008ab00000, 0x000000008ac00000, 0x000000008ac00000|100%| E|CS|TAMS 0x000000008ab00000, 0x000000008ab00000| Complete 
| 152|0x000000008ac00000, 0x000000008ad00000, 0x000000008ad00000|100%| E|CS|TAMS 0x000000008ac00000, 0x000000008ac00000| Complete 
| 153|0x000000008ad00000, 0x000000008ae00000, 0x000000008ae00000|100%| E|CS|TAMS 0x000000008ad00000, 0x000000008ad00000| Complete 
| 154|0x000000008ae00000, 0x000000008af00000, 0x000000008af00000|100%|HS|  |TAMS 0x000000008ae00000, 0x000000008ae00000| Complete 
| 155|0x000000008af00000, 0x000000008b000000, 0x000000008b000000|100%|HC|  |TAMS 0x000000008af00000, 0x000000008af00000| Complete 
| 156|0x000000008b000000, 0x000000008b100000, 0x000000008b100000|100%|HC|  |TAMS 0x000000008b000000, 0x000000008b000000| Complete 
| 157|0x000000008b100000, 0x000000008b200000, 0x000000008b200000|100%|HC|  |TAMS 0x000000008b100000, 0x000000008b100000| Complete 
| 158|0x000000008b200000, 0x000000008b300000, 0x000000008b300000|100%|HC|  |TAMS 0x000000008b200000, 0x000000008b200000| Complete 
| 159|0x000000008b300000, 0x000000008b400000, 0x000000008b400000|100%|HC|  |TAMS 0x000000008b300000, 0x000000008b300000| Complete 
| 160|0x000000008b400000, 0x000000008b500000, 0x000000008b500000|100%|HC|  |TAMS 0x000000008b400000, 0x000000008b400000| Complete 
| 161|0x000000008b500000, 0x000000008b600000, 0x000000008b600000|100%|HC|  |TAMS 0x000000008b500000, 0x000000008b500000| Complete 
| 162|0x000000008b600000, 0x000000008b700000, 0x000000008b700000|100%|HC|  |TAMS 0x000000008b600000, 0x000000008b600000| Complete 
| 163|0x000000008b700000, 0x000000008b800000, 0x000000008b800000|100%|HC|  |TAMS 0x000000008b700000, 0x000000008b700000| Complete 
| 164|0x000000008b800000, 0x000000008b900000, 0x000000008b900000|100%|HC|  |TAMS 0x000000008b800000, 0x000000008b800000| Complete 
| 165|0x000000008b900000, 0x000000008ba00000, 0x000000008ba00000|100%|HC|  |TAMS 0x000000008b900000, 0x000000008b900000| Complete 
| 166|0x000000008ba00000, 0x000000008bb00000, 0x000000008bb00000|100%|HC|  |TAMS 0x000000008ba00000, 0x000000008ba00000| Complete 
| 167|0x000000008bb00000, 0x000000008bc00000, 0x000000008bc00000|100%|HC|  |TAMS 0x000000008bb00000, 0x000000008bb00000| Complete 
| 168|0x000000008bc00000, 0x000000008bd00000, 0x000000008bd00000|100%|HC|  |TAMS 0x000000008bc00000, 0x000000008bc00000| Complete 
| 169|0x000000008bd00000, 0x000000008be00000, 0x000000008be00000|100%|HC|  |TAMS 0x000000008bd00000, 0x000000008bd00000| Complete 
| 170|0x000000008be00000, 0x000000008bf00000, 0x000000008bf00000|100%|HC|  |TAMS 0x000000008be00000, 0x000000008be00000| Complete 
| 171|0x000000008bf00000, 0x000000008c000000, 0x000000008c000000|100%|HS|  |TAMS 0x000000008bf00000, 0x000000008bf00000| Complete 
| 172|0x000000008c000000, 0x000000008c100000, 0x000000008c100000|100%|HC|  |TAMS 0x000000008c000000, 0x000000008c000000| Complete 
| 173|0x000000008c100000, 0x000000008c200000, 0x000000008c200000|100%|HC|  |TAMS 0x000000008c100000, 0x000000008c100000| Complete 
| 174|0x000000008c200000, 0x000000008c300000, 0x000000008c300000|100%|HC|  |TAMS 0x000000008c200000, 0x000000008c200000| Complete 
| 175|0x000000008c300000, 0x000000008c400000, 0x000000008c400000|100%|HC|  |TAMS 0x000000008c300000, 0x000000008c300000| Complete 
| 176|0x000000008c400000, 0x000000008c500000, 0x000000008c500000|100%|HC|  |TAMS 0x000000008c400000, 0x000000008c400000| Complete 
| 177|0x000000008c500000, 0x000000008c600000, 0x000000008c600000|100%|HC|  |TAMS 0x000000008c500000, 0x000000008c500000| Complete 
| 178|0x000000008c600000, 0x000000008c700000, 0x000000008c700000|100%|HC|  |TAMS 0x000000008c600000, 0x000000008c600000| Complete 
| 179|0x000000008c700000, 0x000000008c800000, 0x000000008c800000|100%|HC|  |TAMS 0x000000008c700000, 0x000000008c700000| Complete 
| 180|0x000000008c800000, 0x000000008c900000, 0x000000008c900000|100%|HC|  |TAMS 0x000000008c800000, 0x000000008c800000| Complete 
| 181|0x000000008c900000, 0x000000008ca00000, 0x000000008ca00000|100%|HC|  |TAMS 0x000000008c900000, 0x000000008c900000| Complete 
| 182|0x000000008ca00000, 0x000000008cb00000, 0x000000008cb00000|100%|HC|  |TAMS 0x000000008ca00000, 0x000000008ca00000| Complete 
| 183|0x000000008cb00000, 0x000000008cc00000, 0x000000008cc00000|100%|HC|  |TAMS 0x000000008cb00000, 0x000000008cb00000| Complete 
| 184|0x000000008cc00000, 0x000000008cd00000, 0x000000008cd00000|100%|HC|  |TAMS 0x000000008cc00000, 0x000000008cc00000| Complete 
| 185|0x000000008cd00000, 0x000000008ce00000, 0x000000008ce00000|100%|HC|  |TAMS 0x000000008cd00000, 0x000000008cd00000| Complete 
| 186|0x000000008ce00000, 0x000000008cf00000, 0x000000008cf00000|100%|HC|  |TAMS 0x000000008ce00000, 0x000000008ce00000| Complete 
| 187|0x000000008cf00000, 0x000000008d000000, 0x000000008d000000|100%|HC|  |TAMS 0x000000008cf00000, 0x000000008cf00000| Complete 
| 188|0x000000008d000000, 0x000000008d100000, 0x000000008d100000|100%|HS|  |TAMS 0x000000008d000000, 0x000000008d000000| Complete 
| 189|0x000000008d100000, 0x000000008d200000, 0x000000008d200000|100%|HC|  |TAMS 0x000000008d100000, 0x000000008d100000| Complete 
| 190|0x000000008d200000, 0x000000008d300000, 0x000000008d300000|100%|HC|  |TAMS 0x000000008d200000, 0x000000008d200000| Complete 
| 191|0x000000008d300000, 0x000000008d400000, 0x000000008d400000|100%|HC|  |TAMS 0x000000008d300000, 0x000000008d300000| Complete 
| 192|0x000000008d400000, 0x000000008d500000, 0x000000008d500000|100%|HC|  |TAMS 0x000000008d400000, 0x000000008d400000| Complete 
| 193|0x000000008d500000, 0x000000008d600000, 0x000000008d600000|100%|HC|  |TAMS 0x000000008d500000, 0x000000008d500000| Complete 
| 194|0x000000008d600000, 0x000000008d700000, 0x000000008d700000|100%|HC|  |TAMS 0x000000008d600000, 0x000000008d600000| Complete 
| 195|0x000000008d700000, 0x000000008d800000, 0x000000008d800000|100%|HC|  |TAMS 0x000000008d700000, 0x000000008d700000| Complete 
| 196|0x000000008d800000, 0x000000008d900000, 0x000000008d900000|100%|HC|  |TAMS 0x000000008d800000, 0x000000008d800000| Complete 
| 197|0x000000008d900000, 0x000000008da00000, 0x000000008da00000|100%|HC|  |TAMS 0x000000008d900000, 0x000000008d900000| Complete 
| 198|0x000000008da00000, 0x000000008db00000, 0x000000008db00000|100%|HC|  |TAMS 0x000000008da00000, 0x000000008da00000| Complete 
| 199|0x000000008db00000, 0x000000008dc00000, 0x000000008dc00000|100%|HC|  |TAMS 0x000000008db00000, 0x000000008db00000| Complete 
| 200|0x000000008dc00000, 0x000000008dd00000, 0x000000008dd00000|100%|HC|  |TAMS 0x000000008dc00000, 0x000000008dc00000| Complete 
| 201|0x000000008dd00000, 0x000000008de00000, 0x000000008de00000|100%|HC|  |TAMS 0x000000008dd00000, 0x000000008dd00000| Complete 
| 202|0x000000008de00000, 0x000000008df00000, 0x000000008df00000|100%|HC|  |TAMS 0x000000008de00000, 0x000000008de00000| Complete 
| 203|0x000000008df00000, 0x000000008e000000, 0x000000008e000000|100%|HC|  |TAMS 0x000000008df00000, 0x000000008df00000| Complete 
| 204|0x000000008e000000, 0x000000008e100000, 0x000000008e100000|100%|HC|  |TAMS 0x000000008e000000, 0x000000008e000000| Complete 
| 205|0x000000008e100000, 0x000000008e200000, 0x000000008e200000|100%|HS|  |TAMS 0x000000008e100000, 0x000000008e100000| Complete 
| 206|0x000000008e200000, 0x000000008e300000, 0x000000008e300000|100%|HC|  |TAMS 0x000000008e200000, 0x000000008e200000| Complete 
| 207|0x000000008e300000, 0x000000008e400000, 0x000000008e400000|100%|HC|  |TAMS 0x000000008e300000, 0x000000008e300000| Complete 
| 208|0x000000008e400000, 0x000000008e500000, 0x000000008e500000|100%|HC|  |TAMS 0x000000008e400000, 0x000000008e400000| Complete 
| 209|0x000000008e500000, 0x000000008e600000, 0x000000008e600000|100%|HC|  |TAMS 0x000000008e500000, 0x000000008e500000| Complete 
| 210|0x000000008e600000, 0x000000008e700000, 0x000000008e700000|100%|HC|  |TAMS 0x000000008e600000, 0x000000008e600000| Complete 
| 211|0x000000008e700000, 0x000000008e800000, 0x000000008e800000|100%|HC|  |TAMS 0x000000008e700000, 0x000000008e700000| Complete 
| 212|0x000000008e800000, 0x000000008e900000, 0x000000008e900000|100%|HC|  |TAMS 0x000000008e800000, 0x000000008e800000| Complete 
| 213|0x000000008e900000, 0x000000008ea00000, 0x000000008ea00000|100%|HC|  |TAMS 0x000000008e900000, 0x000000008e900000| Complete 
| 214|0x000000008ea00000, 0x000000008eb00000, 0x000000008eb00000|100%|HC|  |TAMS 0x000000008ea00000, 0x000000008ea00000| Complete 
| 215|0x000000008eb00000, 0x000000008ec00000, 0x000000008ec00000|100%|HC|  |TAMS 0x000000008eb00000, 0x000000008eb00000| Complete 
| 216|0x000000008ec00000, 0x000000008ed00000, 0x000000008ed00000|100%|HC|  |TAMS 0x000000008ec00000, 0x000000008ec00000| Complete 
| 217|0x000000008ed00000, 0x000000008ee00000, 0x000000008ee00000|100%|HC|  |TAMS 0x000000008ed00000, 0x000000008ed00000| Complete 
| 218|0x000000008ee00000, 0x000000008ef00000, 0x000000008ef00000|100%|HC|  |TAMS 0x000000008ee00000, 0x000000008ee00000| Complete 
| 219|0x000000008ef00000, 0x000000008f000000, 0x000000008f000000|100%|HC|  |TAMS 0x000000008ef00000, 0x000000008ef00000| Complete 
| 220|0x000000008f000000, 0x000000008f100000, 0x000000008f100000|100%|HC|  |TAMS 0x000000008f000000, 0x000000008f000000| Complete 
| 221|0x000000008f100000, 0x000000008f200000, 0x000000008f200000|100%|HC|  |TAMS 0x000000008f100000, 0x000000008f100000| Complete 
| 222|0x000000008f200000, 0x000000008f300000, 0x000000008f300000|100%|HS|  |TAMS 0x000000008f200000, 0x000000008f200000| Complete 
| 223|0x000000008f300000, 0x000000008f400000, 0x000000008f400000|100%|HC|  |TAMS 0x000000008f300000, 0x000000008f300000| Complete 
| 224|0x000000008f400000, 0x000000008f500000, 0x000000008f500000|100%|HC|  |TAMS 0x000000008f400000, 0x000000008f400000| Complete 
| 225|0x000000008f500000, 0x000000008f600000, 0x000000008f600000|100%|HC|  |TAMS 0x000000008f500000, 0x000000008f500000| Complete 
| 226|0x000000008f600000, 0x000000008f700000, 0x000000008f700000|100%|HC|  |TAMS 0x000000008f600000, 0x000000008f600000| Complete 
| 227|0x000000008f700000, 0x000000008f800000, 0x000000008f800000|100%|HC|  |TAMS 0x000000008f700000, 0x000000008f700000| Complete 
| 228|0x000000008f800000, 0x000000008f900000, 0x000000008f900000|100%|HC|  |TAMS 0x000000008f800000, 0x000000008f800000| Complete 
| 229|0x000000008f900000, 0x000000008fa00000, 0x000000008fa00000|100%|HC|  |TAMS 0x000000008f900000, 0x000000008f900000| Complete 
| 230|0x000000008fa00000, 0x000000008fb00000, 0x000000008fb00000|100%|HC|  |TAMS 0x000000008fa00000, 0x000000008fa00000| Complete 
| 231|0x000000008fb00000, 0x000000008fc00000, 0x000000008fc00000|100%|HC|  |TAMS 0x000000008fb00000, 0x000000008fb00000| Complete 
| 232|0x000000008fc00000, 0x000000008fd00000, 0x000000008fd00000|100%|HC|  |TAMS 0x000000008fc00000, 0x000000008fc00000| Complete 
| 233|0x000000008fd00000, 0x000000008fe00000, 0x000000008fe00000|100%|HC|  |TAMS 0x000000008fd00000, 0x000000008fd00000| Complete 
| 234|0x000000008fe00000, 0x000000008ff00000, 0x000000008ff00000|100%|HC|  |TAMS 0x000000008fe00000, 0x000000008fe00000| Complete 
| 235|0x000000008ff00000, 0x0000000090000000, 0x0000000090000000|100%|HC|  |TAMS 0x000000008ff00000, 0x000000008ff00000| Complete 
| 236|0x0000000090000000, 0x0000000090100000, 0x0000000090100000|100%|HC|  |TAMS 0x0000000090000000, 0x0000000090000000| Complete 
| 237|0x0000000090100000, 0x0000000090200000, 0x0000000090200000|100%|HC|  |TAMS 0x0000000090100000, 0x0000000090100000| Complete 
| 238|0x0000000090200000, 0x0000000090300000, 0x0000000090300000|100%|HC|  |TAMS 0x0000000090200000, 0x0000000090200000| Complete 
| 239|0x0000000090300000, 0x0000000090400000, 0x0000000090400000|100%|HS|  |TAMS 0x0000000090300000, 0x0000000090300000| Complete 
| 240|0x0000000090400000, 0x0000000090500000, 0x0000000090500000|100%|HC|  |TAMS 0x0000000090400000, 0x0000000090400000| Complete 
| 241|0x0000000090500000, 0x0000000090600000, 0x0000000090600000|100%|HC|  |TAMS 0x0000000090500000, 0x0000000090500000| Complete 
| 242|0x0000000090600000, 0x0000000090700000, 0x0000000090700000|100%|HC|  |TAMS 0x0000000090600000, 0x0000000090600000| Complete 
| 243|0x0000000090700000, 0x0000000090800000, 0x0000000090800000|100%|HC|  |TAMS 0x0000000090700000, 0x0000000090700000| Complete 
| 244|0x0000000090800000, 0x0000000090900000, 0x0000000090900000|100%|HC|  |TAMS 0x0000000090800000, 0x0000000090800000| Complete 
| 245|0x0000000090900000, 0x0000000090a00000, 0x0000000090a00000|100%|HC|  |TAMS 0x0000000090900000, 0x0000000090900000| Complete 
| 246|0x0000000090a00000, 0x0000000090b00000, 0x0000000090b00000|100%|HC|  |TAMS 0x0000000090a00000, 0x0000000090a00000| Complete 
| 247|0x0000000090b00000, 0x0000000090c00000, 0x0000000090c00000|100%|HC|  |TAMS 0x0000000090b00000, 0x0000000090b00000| Complete 
| 248|0x0000000090c00000, 0x0000000090d00000, 0x0000000090d00000|100%|HC|  |TAMS 0x0000000090c00000, 0x0000000090c00000| Complete 
| 249|0x0000000090d00000, 0x0000000090e00000, 0x0000000090e00000|100%|HC|  |TAMS 0x0000000090d00000, 0x0000000090d00000| Complete 
| 250|0x0000000090e00000, 0x0000000090f00000, 0x0000000090f00000|100%|HC|  |TAMS 0x0000000090e00000, 0x0000000090e00000| Complete 
| 251|0x0000000090f00000, 0x0000000091000000, 0x0000000091000000|100%|HC|  |TAMS 0x0000000090f00000, 0x0000000090f00000| Complete 
| 252|0x0000000091000000, 0x0000000091100000, 0x0000000091100000|100%|HC|  |TAMS 0x0000000091000000, 0x0000000091000000| Complete 
| 253|0x0000000091100000, 0x0000000091200000, 0x0000000091200000|100%|HC|  |TAMS 0x0000000091100000, 0x0000000091100000| Complete 
| 254|0x0000000091200000, 0x0000000091300000, 0x0000000091300000|100%|HC|  |TAMS 0x0000000091200000, 0x0000000091200000| Complete 
| 255|0x0000000091300000, 0x0000000091400000, 0x0000000091400000|100%|HC|  |TAMS 0x0000000091300000, 0x0000000091300000| Complete 
| 256|0x0000000091400000, 0x0000000091500000, 0x0000000091500000|100%|HS|  |TAMS 0x0000000091400000, 0x0000000091400000| Complete 
| 257|0x0000000091500000, 0x0000000091600000, 0x0000000091600000|100%|HC|  |TAMS 0x0000000091500000, 0x0000000091500000| Complete 
| 258|0x0000000091600000, 0x0000000091700000, 0x0000000091700000|100%|HC|  |TAMS 0x0000000091600000, 0x0000000091600000| Complete 
| 259|0x0000000091700000, 0x0000000091800000, 0x0000000091800000|100%|HC|  |TAMS 0x0000000091700000, 0x0000000091700000| Complete 
| 260|0x0000000091800000, 0x0000000091900000, 0x0000000091900000|100%|HC|  |TAMS 0x0000000091800000, 0x0000000091800000| Complete 
| 261|0x0000000091900000, 0x0000000091a00000, 0x0000000091a00000|100%|HC|  |TAMS 0x0000000091900000, 0x0000000091900000| Complete 
| 262|0x0000000091a00000, 0x0000000091b00000, 0x0000000091b00000|100%|HC|  |TAMS 0x0000000091a00000, 0x0000000091a00000| Complete 
| 263|0x0000000091b00000, 0x0000000091c00000, 0x0000000091c00000|100%|HC|  |TAMS 0x0000000091b00000, 0x0000000091b00000| Complete 
| 264|0x0000000091c00000, 0x0000000091d00000, 0x0000000091d00000|100%|HC|  |TAMS 0x0000000091c00000, 0x0000000091c00000| Complete 
| 265|0x0000000091d00000, 0x0000000091e00000, 0x0000000091e00000|100%|HC|  |TAMS 0x0000000091d00000, 0x0000000091d00000| Complete 
| 266|0x0000000091e00000, 0x0000000091f00000, 0x0000000091f00000|100%|HC|  |TAMS 0x0000000091e00000, 0x0000000091e00000| Complete 
| 267|0x0000000091f00000, 0x0000000092000000, 0x0000000092000000|100%|HC|  |TAMS 0x0000000091f00000, 0x0000000091f00000| Complete 
| 268|0x0000000092000000, 0x0000000092100000, 0x0000000092100000|100%|HC|  |TAMS 0x0000000092000000, 0x0000000092000000| Complete 
| 269|0x0000000092100000, 0x0000000092200000, 0x0000000092200000|100%|HC|  |TAMS 0x0000000092100000, 0x0000000092100000| Complete 
| 270|0x0000000092200000, 0x0000000092300000, 0x0000000092300000|100%|HC|  |TAMS 0x0000000092200000, 0x0000000092200000| Complete 
| 271|0x0000000092300000, 0x0000000092400000, 0x0000000092400000|100%|HC|  |TAMS 0x0000000092300000, 0x0000000092300000| Complete 
| 272|0x0000000092400000, 0x0000000092500000, 0x0000000092500000|100%|HC|  |TAMS 0x0000000092400000, 0x0000000092400000| Complete 
| 273|0x0000000092500000, 0x0000000092600000, 0x0000000092600000|100%|HS|  |TAMS 0x0000000092500000, 0x0000000092500000| Complete 
| 274|0x0000000092600000, 0x0000000092700000, 0x0000000092700000|100%|HC|  |TAMS 0x0000000092600000, 0x0000000092600000| Complete 
| 275|0x0000000092700000, 0x0000000092800000, 0x0000000092800000|100%|HC|  |TAMS 0x0000000092700000, 0x0000000092700000| Complete 
| 276|0x0000000092800000, 0x0000000092900000, 0x0000000092900000|100%|HC|  |TAMS 0x0000000092800000, 0x0000000092800000| Complete 
| 277|0x0000000092900000, 0x0000000092a00000, 0x0000000092a00000|100%|HC|  |TAMS 0x0000000092900000, 0x0000000092900000| Complete 
| 278|0x0000000092a00000, 0x0000000092b00000, 0x0000000092b00000|100%|HC|  |TAMS 0x0000000092a00000, 0x0000000092a00000| Complete 
| 279|0x0000000092b00000, 0x0000000092c00000, 0x0000000092c00000|100%|HC|  |TAMS 0x0000000092b00000, 0x0000000092b00000| Complete 
| 280|0x0000000092c00000, 0x0000000092d00000, 0x0000000092d00000|100%|HC|  |TAMS 0x0000000092c00000, 0x0000000092c00000| Complete 
| 281|0x0000000092d00000, 0x0000000092e00000, 0x0000000092e00000|100%|HC|  |TAMS 0x0000000092d00000, 0x0000000092d00000| Complete 
| 282|0x0000000092e00000, 0x0000000092f00000, 0x0000000092f00000|100%|HC|  |TAMS 0x0000000092e00000, 0x0000000092e00000| Complete 
| 283|0x0000000092f00000, 0x0000000093000000, 0x0000000093000000|100%|HC|  |TAMS 0x0000000092f00000, 0x0000000092f00000| Complete 
| 284|0x0000000093000000, 0x0000000093100000, 0x0000000093100000|100%|HC|  |TAMS 0x0000000093000000, 0x0000000093000000| Complete 
| 285|0x0000000093100000, 0x0000000093200000, 0x0000000093200000|100%|HC|  |TAMS 0x0000000093100000, 0x0000000093100000| Complete 
| 286|0x0000000093200000, 0x0000000093300000, 0x0000000093300000|100%|HC|  |TAMS 0x0000000093200000, 0x0000000093200000| Complete 
| 287|0x0000000093300000, 0x0000000093400000, 0x0000000093400000|100%|HC|  |TAMS 0x0000000093300000, 0x0000000093300000| Complete 
| 288|0x0000000093400000, 0x0000000093500000, 0x0000000093500000|100%|HC|  |TAMS 0x0000000093400000, 0x0000000093400000| Complete 
| 289|0x0000000093500000, 0x0000000093600000, 0x0000000093600000|100%|HC|  |TAMS 0x0000000093500000, 0x0000000093500000| Complete 

Card table byte_map: [0x0000020abf830000,0x0000020abfc30000] _byte_map_base: 0x0000020abf426000

Marking Bits (Prev, Next): (CMBitMap*) 0x0000020aa7a16f28, (CMBitMap*) 0x0000020aa7a16f60
 Prev Bits: [0x0000020ac0030000, 0x0000020ac1fe0000)
 Next Bits: [0x0000020ac1fe0000, 0x0000020ac3f90000)

Polling page: 0x0000020aa5860000

Metaspace:

Usage:
  Non-class:     39.34 MB capacity,    38.43 MB ( 98%) used,   757.26 KB (  2%) free+waste,   174.50 KB ( <1%) overhead. 
      Class:      6.04 MB capacity,     5.42 MB ( 90%) used,   543.20 KB (  9%) free+waste,    86.50 KB (  1%) overhead. 
       Both:     45.37 MB capacity,    43.85 MB ( 97%) used,     1.27 MB (  3%) free+waste,   261.00 KB ( <1%) overhead. 

Virtual space:
  Non-class space:       40.00 MB reserved,      39.50 MB ( 99%) committed 
      Class space:        1.00 GB reserved,       6.12 MB ( <1%) committed 
             Both:        1.04 GB reserved,      45.62 MB (  4%) committed 

Chunk freelists:
   Non-Class:  40.00 KB
       Class:  27.00 KB
        Both:  67.00 KB

MaxMetaspaceSize: 17179869184.00 GB
CompressedClassSpaceSize: 1.00 GB
Initial GC threshold: 20.80 MB
Current GC threshold: 59.09 MB
CDS: off

CodeHeap 'non-profiled nmethods': size=238336Kb used=7136Kb max_used=7136Kb free=231199Kb
 bounds [0x0000020ab0840000, 0x0000020ab0f40000, 0x0000020abf100000]
CodeHeap 'non-nmethods': size=7424Kb used=1240Kb max_used=1240Kb free=6183Kb
 bounds [0x0000020ab0100000, 0x0000020ab0370000, 0x0000020ab0840000]
 total_blobs=5054 nmethods=4527 adapters=454
 compilation: enabled
              stopped_count=0, restarted_count=0
 full_count=0

Compilation events (20 events):
Event: 13.681 Thread 0x0000020ac7393800 4535       1       io.netty.buffer.AbstractByteBuf::writeByte (23 bytes)
Event: 13.682 Thread 0x0000020ac7393800 nmethod 4535 0x0000020ab0f35f90 code [0x0000020ab0f36140, 0x0000020ab0f36278]
Event: 13.682 Thread 0x0000020ac7393800 4536       1       io.netty.buffer.SwappedByteBuf::writeByte (11 bytes)
Event: 13.682 Thread 0x0000020ac7393800 nmethod 4536 0x0000020ab0f36310 code [0x0000020ab0f364c0, 0x0000020ab0f365a8]
Event: 13.683 Thread 0x0000020ac7393800 4518       1       com.mongodb.internal.connection.ByteBufferBsonOutput::writeByte (27 bytes)
Event: 13.684 Thread 0x0000020ac7393800 nmethod 4518 0x0000020ab0f36610 code [0x0000020ab0f367e0, 0x0000020ab0f369e8]
Event: 13.684 Thread 0x0000020ac7393800 4519       1       com.mongodb.internal.connection.ByteBufferBsonOutput::getCurrentByteBuffer (39 bytes)
Event: 13.685 Thread 0x0000020ac7393800 nmethod 4519 0x0000020ab0f36b90 code [0x0000020ab0f36d80, 0x0000020ab0f36f58]
Event: 13.685 Thread 0x0000020ac7393800 4533       1       com.mongodb.connection.netty.NettyByteBuf::remaining (23 bytes)
Event: 13.686 Thread 0x0000020ac7393800 nmethod 4533 0x0000020ab0f37090 code [0x0000020ab0f37260, 0x0000020ab0f37378]
Event: 13.686 Thread 0x0000020ac7393800 4516       1       org.bson.internal.CodecCache::containsKey (11 bytes)
Event: 13.687 Thread 0x0000020ac7393800 nmethod 4516 0x0000020ab0f37410 code [0x0000020ab0f375c0, 0x0000020ab0f376a8]
Event: 13.687 Thread 0x0000020ac7393800 4538       1       sun.misc.Unsafe::putByte (9 bytes)
Event: 13.687 Thread 0x0000020ac7393800 nmethod 4538 0x0000020ab0f37710 code [0x0000020ab0f378c0, 0x0000020ab0f37978]
Event: 13.687 Thread 0x0000020ac7393800 4545       1       jdk.internal.misc.Unsafe::putByte (8 bytes)
Event: 13.688 Thread 0x0000020ac7393800 nmethod 4545 0x0000020ab0f37a10 code [0x0000020ab0f37bc0, 0x0000020ab0f37c78]
Event: 13.688 Thread 0x0000020ac7393800 4544       1       io.netty.util.internal.PlatformDependent0::putByte (9 bytes)
Event: 13.688 Thread 0x0000020ac7393800 nmethod 4544 0x0000020ab0f37d10 code [0x0000020ab0f37ec0, 0x0000020ab0f37f78]
Event: 13.688 Thread 0x0000020ac7393800 4521       1       io.netty.channel.AbstractChannelHandlerContext::executor (22 bytes)
Event: 13.689 Thread 0x0000020ac7393800 nmethod 4521 0x0000020ab0f38010 code [0x0000020ab0f381c0, 0x0000020ab0f382c8]

GC Heap History (10 events):
Event: 2.404 GC heap before
{Heap before GC invocations=0 (full 0):
 garbage-first heap   total 131072K, used 23552K [0x0000000081400000, 0x0000000100000000)
  region size 1024K, 24 young (24576K), 0 survivors (0K)
 Metaspace       used 13199K, capacity 13472K, committed 13568K, reserved 1060864K
  class space    used 1362K, capacity 1456K, committed 1536K, reserved 1048576K
}
Event: 2.423 GC heap after
{Heap after GC invocations=1 (full 0):
 garbage-first heap   total 131072K, used 6546K [0x0000000081400000, 0x0000000100000000)
  region size 1024K, 3 young (3072K), 3 survivors (3072K)
 Metaspace       used 13199K, capacity 13472K, committed 13568K, reserved 1060864K
  class space    used 1362K, capacity 1456K, committed 1536K, reserved 1048576K
}
Event: 3.411 GC heap before
{Heap before GC invocations=1 (full 0):
 garbage-first heap   total 131072K, used 27026K [0x0000000081400000, 0x0000000100000000)
  region size 1024K, 23 young (23552K), 3 survivors (3072K)
 Metaspace       used 17948K, capacity 18455K, committed 18560K, reserved 1064960K
  class space    used 1989K, capacity 2172K, committed 2176K, reserved 1048576K
}
Event: 3.425 GC heap after
{Heap after GC invocations=2 (full 0):
 garbage-first heap   total 131072K, used 7840K [0x0000000081400000, 0x0000000100000000)
  region size 1024K, 2 young (2048K), 2 survivors (2048K)
 Metaspace       used 17948K, capacity 18455K, committed 18560K, reserved 1064960K
  class space    used 1989K, capacity 2172K, committed 2176K, reserved 1048576K
}
Event: 4.064 GC heap before
{Heap before GC invocations=2 (full 0):
 garbage-first heap   total 131072K, used 22176K [0x0000000081400000, 0x0000000100000000)
  region size 1024K, 17 young (17408K), 2 survivors (2048K)
 Metaspace       used 20645K, capacity 21266K, committed 21296K, reserved 1069056K
  class space    used 2355K, capacity 2578K, committed 2608K, reserved 1048576K
}
Event: 4.077 GC heap after
{Heap after GC invocations=3 (full 0):
 garbage-first heap   total 131072K, used 8483K [0x0000000081400000, 0x0000000100000000)
  region size 1024K, 2 young (2048K), 2 survivors (2048K)
 Metaspace       used 20645K, capacity 21266K, committed 21296K, reserved 1069056K
  class space    used 2355K, capacity 2578K, committed 2608K, reserved 1048576K
}
Event: 6.504 GC heap before
{Heap before GC invocations=4 (full 0):
 garbage-first heap   total 131072K, used 67875K [0x0000000081400000, 0x0000000100000000)
  region size 1024K, 60 young (61440K), 2 survivors (2048K)
 Metaspace       used 24676K, capacity 25467K, committed 25596K, reserved 1071104K
  class space    used 2918K, capacity 3235K, committed 3324K, reserved 1048576K
}
Event: 6.539 GC heap after
{Heap after GC invocations=5 (full 0):
 garbage-first heap   total 131072K, used 11482K [0x0000000081400000, 0x0000000100000000)
  region size 1024K, 5 young (5120K), 5 survivors (5120K)
 Metaspace       used 24676K, capacity 25467K, committed 25596K, reserved 1071104K
  class space    used 2918K, capacity 3235K, committed 3324K, reserved 1048576K
}
Event: 10.291 GC heap before
{Heap before GC invocations=5 (full 0):
 garbage-first heap   total 131072K, used 70874K [0x0000000081400000, 0x0000000100000000)
  region size 1024K, 64 young (65536K), 5 survivors (5120K)
 Metaspace       used 34881K, capacity 35986K, committed 36048K, reserved 1081344K
  class space    used 4220K, capacity 4699K, committed 4732K, reserved 1048576K
}
Event: 10.352 GC heap after
{Heap after GC invocations=6 (full 0):
 garbage-first heap   total 157696K, used 15862K [0x0000000081400000, 0x0000000100000000)
  region size 1024K, 9 young (9216K), 9 survivors (9216K)
 Metaspace       used 34881K, capacity 35986K, committed 36048K, reserved 1081344K
  class space    used 4220K, capacity 4699K, committed 4732K, reserved 1048576K
}

Deoptimization events (4 events):
Event: 5.539 Thread 0x0000020aa79d6800 DEOPT PACKING pc=0x0000020ab0bff9ec sp=0x00000063385fea60
Event: 5.539 Thread 0x0000020aa79d6800 DEOPT UNPACKING pc=0x0000020ab014a95e sp=0x00000063385fdf50 mode 0
Event: 5.835 Thread 0x0000020aa79d6800 DEOPT PACKING pc=0x0000020ab0b10a6c sp=0x00000063385fdc60
Event: 5.835 Thread 0x0000020aa79d6800 DEOPT UNPACKING pc=0x0000020ab014a95e sp=0x00000063385fd1c8 mode 0

Classes redefined (0 events):
No events

Internal exceptions (20 events):
Event: 11.647 Thread 0x0000020aa79d6800 Exception <a 'java/lang/IncompatibleClassChangeError'{0x000000008951e4c8}: Found class java.lang.Object, but interface was expected> (0x000000008951e4c8) thrown at [./src/hotspot/share/interpreter/linkResolver.cpp, line 839]
Event: 11.691 Thread 0x0000020aa79d6800 Exception <a 'java/lang/NoSuchMethodError'{0x00000000895bb288}: 'void java.lang.invoke.DirectMethodHandle$Holder.invokeSpecial(java.lang.Object, java.lang.Object, java.lang.Object, java.lang.Object, java.lang.Object, java.lang.Object, java.lang.Object)'> (0x00000000895bb288) thrown at [./src/hotspot/share/interpreter/linkResolver.cpp, line 773]
Event: 11.859 Thread 0x0000020aa79d6800 Exception <a 'java/lang/NoSuchMethodError'{0x0000000089259598}: 'java.lang.Object java.lang.invoke.DirectMethodHandle$Holder.invokeStatic(java.lang.Object, java.lang.Object, int, java.lang.Object)'> (0x0000000089259598) thrown at [./src/hotspot/share/interpreter/linkResolver.cpp, line 773]
Event: 11.861 Thread 0x0000020aa79d6800 Exception <a 'java/lang/NoSuchMethodError'{0x0000000089260270}: 'java.lang.Object java.lang.invoke.Invokers$Holder.linkToTargetMethod(java.lang.Object, int, java.lang.Object)'> (0x0000000089260270) thrown at [./src/hotspot/share/interpreter/linkResolver.cpp, line 773]
Event: 12.299 Thread 0x0000020ac95a1800 Exception <a 'sun/nio/fs/WindowsException'{0x00000000887eb258}> (0x00000000887eb258) thrown at [./src/hotspot/share/prims/jni.cpp, line 616]
Event: 12.326 Thread 0x0000020ac95a1800 Exception <a 'java/lang/NoSuchMethodError'{0x000000008850f1a8}: 'int java.lang.invoke.DirectMethodHandle$Holder.invokeStaticInit(java.lang.Object, java.lang.Object, java.lang.Object, java.lang.Object)'> (0x000000008850f1a8) thrown at [./src/hotspot/share/interpreter/linkResolver.cpp, line 773]
Event: 12.355 Thread 0x0000020aa79d6800 Exception <a 'java/lang/ClassNotFoundException'{0x0000000088408a18}: java/lang/ObjectCustomizer> (0x0000000088408a18) thrown at [./src/hotspot/share/classfile/systemDictionary.cpp, line 230]
Event: 12.358 Thread 0x0000020aa79d6800 Exception <a 'java/lang/ClassNotFoundException'{0x000000008841a190}: org/springframework/plugin/core/support/AbstractTypeAwareSupportCustomizer> (0x000000008841a190) thrown at [./src/hotspot/share/classfile/systemDictionary.cpp, line 230]
Event: 12.363 Thread 0x0000020aa79d6800 Exception <a 'java/lang/ClassNotFoundException'{0x000000008842ec08}: org/springframework/plugin/core/support/PluginRegistryFactoryBeanCustomizer> (0x000000008842ec08) thrown at [./src/hotspot/share/classfile/systemDictionary.cpp, line 230]
Event: 12.372 Thread 0x0000020aa79d6800 Exception <a 'java/lang/ClassNotFoundException'{0x0000000088453238}: org/springframework/beans/factory/FactoryBeanCustomizer> (0x0000000088453238) thrown at [./src/hotspot/share/classfile/systemDictionary.cpp, line 230]
Event: 12.375 Thread 0x0000020aa79d6800 Exception <a 'java/lang/ClassNotFoundException'{0x0000000088462d30}: org/springframework/context/ApplicationContextAwareCustomizer> (0x0000000088462d30) thrown at [./src/hotspot/share/classfile/systemDictionary.cpp, line 230]
Event: 12.378 Thread 0x0000020aa79d6800 Exception <a 'java/lang/ClassNotFoundException'{0x0000000088470420}: org/springframework/beans/factory/AwareCustomizer> (0x0000000088470420) thrown at [./src/hotspot/share/classfile/systemDictionary.cpp, line 230]
Event: 12.379 Thread 0x0000020aa79d6800 Exception <a 'java/lang/ClassNotFoundException'{0x000000008847ce00}: org/springframework/context/ApplicationListenerCustomizer> (0x000000008847ce00) thrown at [./src/hotspot/share/classfile/systemDictionary.cpp, line 230]
Event: 12.381 Thread 0x0000020aa79d6800 Exception <a 'java/lang/ClassNotFoundException'{0x0000000088481e90}: java/util/EventListenerCustomizer> (0x0000000088481e90) thrown at [./src/hotspot/share/classfile/systemDictionary.cpp, line 230]
Event: 12.383 Thread 0x0000020aa79d6800 Exception <a 'java/lang/ClassNotFoundException'{0x000000008848f2a0}: org/springframework/beans/factory/InitializingBeanCustomizer> (0x000000008848f2a0) thrown at [./src/hotspot/share/classfile/systemDictionary.cpp, line 230]
Event: 13.521 Thread 0x0000020aa79d6800 Exception <a 'java/lang/ClassNotFoundException'{0x0000000086810be8}: java/lang/ObjectCustomizer> (0x0000000086810be8) thrown at [./src/hotspot/share/classfile/systemDictionary.cpp, line 230]
Event: 13.524 Thread 0x0000020aa79d6800 Exception <a 'java/lang/ClassNotFoundException'{0x0000000086822f18}: org/springframework/web/servlet/config/annotation/WebMvcConfigurationSupportCustomizer> (0x0000000086822f18) thrown at [./src/hotspot/share/classfile/systemDictionary.cpp, line 230]
Event: 13.530 Thread 0x0000020aa79d6800 Exception <a 'java/lang/ClassNotFoundException'{0x0000000086841700}: org/springframework/web/servlet/config/annotation/DelegatingWebMvcConfigurationCustomizer> (0x0000000086841700) thrown at [./src/hotspot/share/classfile/systemDictionary.cpp, line 230]
Event: 13.534 Thread 0x0000020aa79d6800 Exception <a 'java/lang/ClassNotFoundException'{0x00000000868574d8}: org/springframework/boot/autoconfigure/web/servlet/WebMvcAutoConfiguration$EnableWebMvcConfigurationCustomizer> (0x00000000868574d8) thrown at [./src/hotspot/share/classfile/systemDictionary.cpp, line 230]
Event: 13.541 Thread 0x0000020aa79d6800 Exception <a 'java/lang/ClassNotFoundException'{0x0000000086873f48}: org/springframework/context/ResourceLoaderAwareCustomizer> (0x0000000086873f48) thrown at [./src/hotspot/share/classfile/systemDictionary.cpp, line 230]

Events (20 events):
Event: 13.624 loading class io/netty/buffer/UnsafeByteBufUtil
Event: 13.624 loading class io/netty/buffer/UnsafeByteBufUtil done
Event: 13.626 loading class io/netty/buffer/UnpooledByteBufAllocator
Event: 13.626 loading class io/netty/buffer/UnpooledByteBufAllocator done
Event: 13.628 loading class io/netty/buffer/UnpooledByteBufAllocator$UnpooledByteBufAllocatorMetric
Event: 13.628 loading class io/netty/buffer/UnpooledByteBufAllocator$UnpooledByteBufAllocatorMetric done
Event: 13.630 loading class sun/security/ssl/OutputRecord$T13PaddingHolder
Event: 13.630 loading class sun/security/ssl/OutputRecord$T13PaddingHolder done
Event: 13.631 loading class sun/security/ssl/Ciphertext
Event: 13.631 loading class sun/security/ssl/Ciphertext done
Event: 13.631 loading class sun/security/ssl/PostHandshakeContext
Event: 13.632 loading class sun/security/ssl/PostHandshakeContext done
Event: 13.632 loading class javax/net/ssl/SSLEngineResult$Status
Event: 13.632 loading class javax/net/ssl/SSLEngineResult$Status done
Event: 13.633 loading class io/netty/util/ReferenceCountUtil
Event: 13.633 loading class io/netty/util/ReferenceCountUtil done
Event: 13.638 loading class com/mongodb/internal/connection/ByteBufferBsonOutput$BufferPositionPair
Event: 13.638 loading class com/mongodb/internal/connection/ByteBufferBsonOutput$BufferPositionPair done
Event: 13.657 loading class org/springframework/beans/factory/AwareCustomizer
Event: 13.657 loading class org/springframework/beans/factory/AwareCustomizer done


Dynamic libraries:
0x00007ff71bb80000 - 0x00007ff71bb8d000 	C:\Program Files\Amazon Corretto\jdk11.0.14_10\bin\java.exe
0x00007ffb1d260000 - 0x00007ffb1d450000 	C:\WINDOWS\SYSTEM32\ntdll.dll
0x00007ffb1cf50000 - 0x00007ffb1d002000 	C:\WINDOWS\System32\KERNEL32.DLL
0x00007ffb1a3a0000 - 0x00007ffb1a645000 	C:\WINDOWS\System32\KERNELBASE.dll
0x00007ffb1a2a0000 - 0x00007ffb1a39a000 	C:\WINDOWS\System32\ucrtbase.dll
0x00007ffb02990000 - 0x00007ffb029a7000 	C:\Program Files\Amazon Corretto\jdk11.0.14_10\bin\jli.dll
0x00007ffb029b0000 - 0x00007ffb029c9000 	C:\Program Files\Amazon Corretto\jdk11.0.14_10\bin\VCRUNTIME140.dll
0x00007ffb1be30000 - 0x00007ffb1bfc4000 	C:\WINDOWS\System32\USER32.dll
0x00007ffb1ae40000 - 0x00007ffb1ae61000 	C:\WINDOWS\System32\win32u.dll
0x00007ffb0b370000 - 0x00007ffb0b5f4000 	C:\WINDOWS\WinSxS\amd64_microsoft.windows.common-controls_6595b64144ccf1df_6.0.18362.1556_none_9e7e372fe45e41d5\COMCTL32.dll
0x00007ffb1b420000 - 0x00007ffb1b446000 	C:\WINDOWS\System32\GDI32.dll
0x00007ffb1b170000 - 0x00007ffb1b308000 	C:\WINDOWS\System32\gdi32full.dll
0x00007ffb1d010000 - 0x00007ffb1d0ae000 	C:\WINDOWS\System32\msvcrt.dll
0x00007ffb1a200000 - 0x00007ffb1a29e000 	C:\WINDOWS\System32\msvcp_win.dll
0x00007ffb1b8c0000 - 0x00007ffb1bbf6000 	C:\WINDOWS\System32\combase.dll
0x00007ffb1c980000 - 0x00007ffb1ca9f000 	C:\WINDOWS\System32\RPCRT4.dll
0x00007ffb1ae70000 - 0x00007ffb1aef1000 	C:\WINDOWS\System32\bcryptPrimitives.dll
0x00007ffb1cf20000 - 0x00007ffb1cf4e000 	C:\WINDOWS\System32\IMM32.DLL
0x00007ffaffd10000 - 0x00007ffaffdab000 	C:\Program Files\Amazon Corretto\jdk11.0.14_10\bin\msvcp140.dll
0x00007ffabac30000 - 0x00007ffabb7b3000 	C:\Program Files\Amazon Corretto\jdk11.0.14_10\bin\server\jvm.dll
0x00007ffb1d0b0000 - 0x00007ffb1d153000 	C:\WINDOWS\System32\ADVAPI32.dll
0x00007ffb1bc30000 - 0x00007ffb1bcc7000 	C:\WINDOWS\System32\sechost.dll
0x00007ffb1c1b0000 - 0x00007ffb1c1b8000 	C:\WINDOWS\System32\PSAPI.DLL
0x00007ffb16d60000 - 0x00007ffb16d69000 	C:\WINDOWS\SYSTEM32\WSOCK32.dll
0x00007ffb16da0000 - 0x00007ffb16dc4000 	C:\WINDOWS\SYSTEM32\WINMM.dll
0x00007ffb11090000 - 0x00007ffb1109a000 	C:\WINDOWS\SYSTEM32\VERSION.dll
0x00007ffb1cd00000 - 0x00007ffb1cd6f000 	C:\WINDOWS\System32\WS2_32.dll
0x00007ffb16d70000 - 0x00007ffb16d9d000 	C:\WINDOWS\SYSTEM32\winmmbase.dll
0x00007ffb1adf0000 - 0x00007ffb1ae3a000 	C:\WINDOWS\System32\cfgmgr32.dll
0x00007ffb1a190000 - 0x00007ffb1a1a1000 	C:\WINDOWS\System32\kernel.appcore.dll
0x00007ffb0b6b0000 - 0x00007ffb0b6c0000 	C:\Program Files\Amazon Corretto\jdk11.0.14_10\bin\verify.dll
0x00007ffb08280000 - 0x00007ffb08474000 	C:\WINDOWS\SYSTEM32\DBGHELP.DLL
0x00007ffb07fe0000 - 0x00007ffb0800a000 	C:\WINDOWS\SYSTEM32\dbgcore.DLL
0x00007ffb02960000 - 0x00007ffb02988000 	C:\Program Files\Amazon Corretto\jdk11.0.14_10\bin\java.dll
0x00007ffb0a5d0000 - 0x00007ffb0a5da000 	C:\Program Files\Amazon Corretto\jdk11.0.14_10\bin\jimage.dll
0x00007ffb02940000 - 0x00007ffb02958000 	C:\Program Files\Amazon Corretto\jdk11.0.14_10\bin\zip.dll
0x00007ffb1c290000 - 0x00007ffb1c977000 	C:\WINDOWS\System32\SHELL32.dll
0x00007ffb1cc50000 - 0x00007ffb1ccf8000 	C:\WINDOWS\System32\shcore.dll
0x00007ffb1a670000 - 0x00007ffb1adeb000 	C:\WINDOWS\System32\windows.storage.dll
0x00007ffb1a170000 - 0x00007ffb1a18e000 	C:\WINDOWS\System32\profapi.dll
0x00007ffb1a120000 - 0x00007ffb1a16a000 	C:\WINDOWS\System32\powrprof.dll
0x00007ffb1a110000 - 0x00007ffb1a120000 	C:\WINDOWS\System32\UMPDC.dll
0x00007ffb1d1c0000 - 0x00007ffb1d212000 	C:\WINDOWS\System32\shlwapi.dll
0x00007ffb1a650000 - 0x00007ffb1a667000 	C:\WINDOWS\System32\cryptsp.dll
0x00007ffb01850000 - 0x00007ffb01869000 	C:\Program Files\Amazon Corretto\jdk11.0.14_10\bin\net.dll
0x00007ffb0d200000 - 0x00007ffb0d2fa000 	C:\WINDOWS\SYSTEM32\WINHTTP.dll
0x00007ffb19950000 - 0x00007ffb199b7000 	C:\WINDOWS\system32\mswsock.dll
0x00007ffb01380000 - 0x00007ffb01393000 	C:\Program Files\Amazon Corretto\jdk11.0.14_10\bin\nio.dll
0x00007ffb0a520000 - 0x00007ffb0a529000 	C:\Program Files\Amazon Corretto\jdk11.0.14_10\bin\management.dll
0x00007ffb0a3e0000 - 0x00007ffb0a3eb000 	C:\Program Files\Amazon Corretto\jdk11.0.14_10\bin\management_ext.dll
0x00007ffb045f0000 - 0x00007ffb04606000 	C:\WINDOWS\system32\napinsp.dll
0x00007ffb04530000 - 0x00007ffb0454a000 	C:\WINDOWS\system32\pnrpnsp.dll
0x00007ffb196a0000 - 0x00007ffb1976b000 	C:\WINDOWS\SYSTEM32\DNSAPI.dll
0x00007ffb1bc00000 - 0x00007ffb1bc08000 	C:\WINDOWS\System32\NSI.dll
0x00007ffb19660000 - 0x00007ffb1969a000 	C:\WINDOWS\SYSTEM32\IPHLPAPI.DLL
0x00007ffb06040000 - 0x00007ffb0604e000 	C:\WINDOWS\System32\winrnr.dll
0x00007ffb16b50000 - 0x00007ffb16b6c000 	C:\WINDOWS\system32\NLAapi.dll
0x00007ffb04510000 - 0x00007ffb04525000 	C:\WINDOWS\system32\wshbth.dll
0x00007ffb0b360000 - 0x00007ffb0b36a000 	C:\Windows\System32\rasadhlp.dll
0x00007ffb111a0000 - 0x00007ffb11217000 	C:\WINDOWS\System32\fwpuclnt.dll
0x00007ffb1a1d0000 - 0x00007ffb1a1f6000 	C:\WINDOWS\System32\bcrypt.dll
0x00007ffb194d0000 - 0x00007ffb19503000 	C:\WINDOWS\system32\rsaenh.dll
0x00007ffb1a000000 - 0x00007ffb1a025000 	C:\WINDOWS\SYSTEM32\USERENV.dll
0x00007ffb19b20000 - 0x00007ffb19b2c000 	C:\WINDOWS\SYSTEM32\CRYPTBASE.dll
0x00007ffb100d0000 - 0x00007ffb100e6000 	C:\WINDOWS\SYSTEM32\dhcpcsvc6.DLL
0x00007ffb12050000 - 0x00007ffb1206c000 	C:\WINDOWS\SYSTEM32\dhcpcsvc.DLL
0x00007ffb09f90000 - 0x00007ffb09f9e000 	C:\Program Files\Amazon Corretto\jdk11.0.14_10\bin\sunmscapi.dll
0x00007ffb1af00000 - 0x00007ffb1b051000 	C:\WINDOWS\System32\CRYPT32.dll
0x00007ffb1a1b0000 - 0x00007ffb1a1c2000 	C:\WINDOWS\System32\MSASN1.dll
0x00007ffb19c30000 - 0x00007ffb19c56000 	C:\WINDOWS\SYSTEM32\ncrypt.dll
0x00007ffb19bf0000 - 0x00007ffb19c2b000 	C:\WINDOWS\SYSTEM32\NTASN1.dll
0x00007ffb02dd0000 - 0x00007ffb02df5000 	C:\Program Files\Amazon Corretto\jdk11.0.14_10\bin\sunec.dll

dbghelp: loaded successfully - version: 4.0.5 - missing functions: none
symbol engine: initialized successfully - sym options: 0x614 - pdb path: .;C:\Program Files\Amazon Corretto\jdk11.0.14_10\bin;C:\WINDOWS\SYSTEM32;C:\WINDOWS\WinSxS\amd64_microsoft.windows.common-controls_6595b64144ccf1df_6.0.18362.1556_none_9e7e372fe45e41d5;C:\Program Files\Amazon Corretto\jdk11.0.14_10\bin\server

VM Arguments:
jvm_args: -Xverify:none -XX:TieredStopAtLevel=1 
java_command: co.com.donraul.app.AppApplication
java_class_path (initial): C:\Sofka\SofkaU\Workspace\reto-ferreteria-don-raul\backend\app\target\classes;C:\Users\Santiago\.m2\repository\org\springframework\boot\spring-boot\2.5.8\spring-boot-2.5.8.jar;C:\Users\Santiago\.m2\repository\org\springframework\boot\spring-boot-autoconfigure\2.5.8\spring-boot-autoconfigure-2.5.8.jar;C:\Users\Santiago\.m2\repository\ch\qos\logback\logback-classic\1.2.9\logback-classic-1.2.9.jar;C:\Users\Santiago\.m2\repository\ch\qos\logback\logback-core\1.2.9\logback-core-1.2.9.jar;C:\Users\Santiago\.m2\repository\org\apache\logging\log4j\log4j-to-slf4j\2.17.0\log4j-to-slf4j-2.17.0.jar;C:\Users\Santiago\.m2\repository\org\apache\logging\log4j\log4j-api\2.17.0\log4j-api-2.17.0.jar;C:\Users\Santiago\.m2\repository\org\slf4j\jul-to-slf4j\1.7.32\jul-to-slf4j-1.7.32.jar;C:\Users\Santiago\.m2\repository\jakarta\annotation\jakarta.annotation-api\1.3.5\jakarta.annotation-api-1.3.5.jar;C:\Users\Santiago\.m2\repository\org\yaml\snakeyaml\1.28\snakeyaml-1.28.jar;C:\Users\Santiago\.m2\repository\org\mongodb\mongodb-driver-sync\4.2.3\mongodb-driver-sync-4.2.3.jar;C:\Users\Santiago\.m2\repository\org\mongodb\bson\4.2.3\bson-4.2.3.jar;C:\Users\Santiago\.m2\repository\org\mongodb\mongodb-driver-core\4.2.3\mongodb-driver-core-4.2.3.jar;C:\Users\Santiago\.m2\repository\org\springframework\data\spring-data-mongodb\3.2.7\spring-data-mongodb-3.2.7.jar;C:\Users\Santiago\.m2\repository\org\springframework\spring-tx\5.3.14\spring-tx-5.3.14.jar;C:\Users\Santiago\.m2\repository\org\springframework\spring-context\5.3.14\spring-context-5.3.14.jar;C:\Users\Santiago\.m2\repository\org\springframework\spring-beans\5.3.14\spring-beans-5.3.14.jar;C:\Users\Santiago\.m2\repository\org\springframework\spring-expression\5.3.14\spring-expression-5.3.14.jar;C:\Users\Santiago\.m2\repository\org\springframework\data\spring-data-commons\2.5.7\spring-data-commons-2.5.7.jar;C:\Users\Santiago\.m2\repository\com\fasterxml\jackson\core\jackson-databind\2.12.6\jackson-databind-2.12.6
Launcher Type: SUN_STANDARD

[Global flags]
     bool BytecodeVerificationLocal                = false                                     {product} {command line}
     bool BytecodeVerificationRemote               = false                                     {product} {command line}
     intx CICompilerCount                          = 4                                         {product} {ergonomic}
     uint ConcGCThreads                            = 2                                         {product} {ergonomic}
     uint G1ConcRefinementThreads                  = 8                                         {product} {ergonomic}
   size_t G1HeapRegionSize                         = 1048576                                   {product} {ergonomic}
    uintx GCDrainStackTargetSize                   = 64                                        {product} {ergonomic}
   size_t InitialHeapSize                          = 134217728                                 {product} {ergonomic}
   size_t MarkStackSize                            = 4194304                                   {product} {ergonomic}
   size_t MaxHeapSize                              = 2126512128                                {product} {ergonomic}
   size_t MaxNewSize                               = 1275068416                                {product} {ergonomic}
   size_t MinHeapDeltaBytes                        = 1048576                                   {product} {ergonomic}
    uintx NonNMethodCodeHeapSize                   = 7549744                                {pd product} {ergonomic}
    uintx NonProfiledCodeHeapSize                  = 244108496                              {pd product} {ergonomic}
    uintx ProfiledCodeHeapSize                     = 0                                      {pd product} {ergonomic}
    uintx ReservedCodeCacheSize                    = 251658240                              {pd product} {ergonomic}
     bool SegmentedCodeCache                       = true                                      {product} {ergonomic}
     intx TieredStopAtLevel                        = 1                                         {product} {command line}
     bool UseCompressedClassPointers               = true                                 {lp64_product} {ergonomic}
     bool UseCompressedOops                        = true                                 {lp64_product} {ergonomic}
     bool UseG1GC                                  = true                                      {product} {ergonomic}
     bool UseLargePagesIndividualAllocation        = false                                  {pd product} {ergonomic}

Logging:
Log output configuration:
 #0: stdout all=warning uptime,level,tags
 #1: stderr all=off uptime,level,tags

Environment Variables:
JAVA_HOME=C:\Program Files\Amazon Corretto\jdk11.0.14_10
PATH=C:\Python310\Scripts\;C:\Python310\;C:\Program Files\Amazon Corretto\jdk11.0.14_10\bin;C:\Python38\Scripts\;C:\Python38\;C:\WINDOWS\system32;C:\WINDOWS;C:\WINDOWS\System32\Wbem;C:\WINDOWS\System32\WindowsPowerShell\v1.0\;C:\WINDOWS\System32\OpenSSH\;C:\Users\Santiago\AppData\Local\Microsoft\WindowsApps;C:\adb;C:\ProgramData\chocolatey\bin;C:\Program Files (x86)\dotnet\;C:\Program Files\Git\cmd;C:\Program Files\dotnet\;C:\Program Files\nodejs\;C:\Users\Santiago\AppData\Local\Microsoft\WindowsApps;C:\Users\Santiago\AppData\Local\Programs\Microsoft VS Code\bin;C:\apache-maven-3.8.5\bin;C:\Users\Santiago\AppData\Roaming\npm
USERNAME=Santiago
OS=Windows_NT
PROCESSOR_IDENTIFIER=Intel64 Family 6 Model 60 Stepping 3, GenuineIntel



---------------  S Y S T E M  ---------------

OS: Windows 10 , 64 bit Build 18362 (10.0.18362.1500)
OS uptime: 1 days 13:57 hours

CPU:total 8 (initial active 8) (4 cores per cpu, 2 threads per core) family 6 model 60 stepping 3 microcode 0x28, cmov, cx8, fxsr, mmx, sse, sse2, sse3, ssse3, sse4.1, sse4.2, popcnt, avx, avx2, aes, clmul, erms, lzcnt, ht, tsc, tscinvbit, bmi1, bmi2, fma

Memory: 4k page, system-wide physical 8104M (907M free)
TotalPageFile size 10013M (AvailPageFile size 9M)
current process WorkingSet (physical memory assigned to process): 570M, peak: 570M
current process commit charge ("private bytes"): 640M, peak: 657M

vm_info: OpenJDK 64-Bit Server VM (11.0.14.1+10-LTS) for windows-amd64 JRE (11.0.14.1+10-LTS), built on Feb  8 2022 00:13:20 by "Administrator" with unknown MS VC++:1916

END.
